2023-11-13 10:30:36 - robotic_arm - INFO: 开始进行机械臂API初始化完毕
2023-11-13 10:30:36 - robotic_arm - INFO: 连接机械臂成功:1152
2023-11-13 10:30:36 - robotic_arm - INFO: 设置机械臂末端参数为初始值
2023-11-13 10:30:36 - robotic_arm - INFO: change_frame:0
2023-11-13 10:30:43 - __main__ - INFO: 获取状态：成功，当前位姿为[-0.25104400515556335, -0.0006070000235922635, 0.3562319874763489, 3.1410000324249268, 0.28299999237060547, 0.0020000000949949026] 
2023-11-13 10:30:44 - __main__ - INFO: 获取状态：成功，当前位姿为[-0.25104400515556335, -0.0006000000284984708, 0.3562319874763489, 3.1410000324249268, 0.28299999237060547, 0.0020000000949949026] 
2023-11-13 10:30:45 - __main__ - INFO: 获取状态：成功，当前位姿为[-0.2510409951210022, -0.0006000000284984708, 0.3562310039997101, 3.1410000324249268, 0.28299999237060547, 0.0020000000949949026] 
2023-11-13 10:30:45 - __main__ - INFO: 获取状态：成功，当前位姿为[-0.25104400515556335, -0.0006000000284984708, 0.3562319874763489, 3.1410000324249268, 0.28299999237060547, 0.0020000000949949026] 
2023-11-13 10:35:14 - robotic_arm - INFO: 开始进行机械臂API初始化完毕
2023-11-13 10:35:14 - robotic_arm - INFO: 连接机械臂成功:1168
2023-11-13 10:35:14 - robotic_arm - INFO: 设置机械臂末端参数为初始值
2023-11-13 10:35:14 - robotic_arm - INFO: change_frame:0
2023-11-13 10:35:19 - __main__ - INFO: 获取状态：成功，当前位姿为[-0.2510420083999634, -0.000615999975707382, 0.35624998807907104, 3.1410000324249268, 0.28299999237060547, 0.0020000000949949026] 
2023-11-13 10:35:20 - __main__ - INFO: 获取状态：成功，当前位姿为[-0.2510420083999634, -0.000615999975707382, 0.35624998807907104, 3.1410000324249268, 0.28299999237060547, 0.0020000000949949026] 
2023-11-13 10:35:20 - __main__ - INFO: 获取状态：成功，当前位姿为[-0.2510420083999634, -0.000615999975707382, 0.35624998807907104, 3.1410000324249268, 0.28299999237060547, 0.0020000000949949026] 
2023-11-13 14:29:58 - robotic_arm - INFO: 开始进行机械臂API初始化完毕
2023-11-13 14:29:58 - robotic_arm - INFO: 连接机械臂成功:1212
2023-11-13 14:29:58 - robotic_arm - INFO: 设置机械臂末端参数为初始值
2023-11-13 14:29:58 - robotic_arm - INFO: change_frame:0
2023-11-13 14:30:21 - __main__ - INFO: 获取状态：成功，当前位姿为[-0.21876700222492218, -0.015112999826669693, 0.3541699945926666, 3.1510000228881836, 0.08699999749660492, 0.07699999958276749] 
2023-11-13 14:31:08 - robotic_arm - INFO: 开始进行机械臂API初始化完毕
2023-11-13 14:31:08 - robotic_arm - INFO: 连接机械臂成功:844
2023-11-13 14:31:08 - robotic_arm - INFO: 设置机械臂末端参数为初始值
2023-11-13 14:31:08 - robotic_arm - INFO: change_frame:0
2023-11-13 14:33:04 - robotic_arm - INFO: 开始进行机械臂API初始化完毕
2023-11-13 14:33:04 - robotic_arm - INFO: 连接机械臂成功:1172
2023-11-13 14:33:04 - robotic_arm - INFO: 设置机械臂末端参数为初始值
2023-11-13 14:33:04 - robotic_arm - INFO: change_frame:0
2023-11-13 14:33:55 - robotic_arm - INFO: 开始进行机械臂API初始化完毕
2023-11-13 14:33:55 - robotic_arm - INFO: 连接机械臂成功:1204
2023-11-13 14:33:56 - robotic_arm - INFO: 设置机械臂末端参数为初始值
2023-11-13 14:33:56 - robotic_arm - INFO: change_frame:0
2023-11-13 14:36:13 - robotic_arm - INFO: 开始进行机械臂API初始化完毕
2023-11-13 14:36:14 - robotic_arm - INFO: 连接机械臂成功:1148
2023-11-13 14:36:14 - robotic_arm - INFO: 设置机械臂末端参数为初始值
2023-11-13 14:36:14 - robotic_arm - INFO: change_frame:0
2023-11-13 14:39:32 - robotic_arm - INFO: 开始进行机械臂API初始化完毕
2023-11-13 14:39:32 - robotic_arm - INFO: 连接机械臂成功:1148
2023-11-13 14:39:32 - robotic_arm - INFO: 设置机械臂末端参数为初始值
2023-11-13 14:39:32 - robotic_arm - INFO: change_frame:0
2023-11-13 14:39:40 - __main__ - INFO: 获取状态：成功，当前位姿为[-0.20554499328136444, 0.004093000199645758, 0.3595539927482605, 3.119999885559082, 0.019999999552965164, -0.032999999821186066] 
2023-11-13 14:41:16 - robotic_arm - INFO: 开始进行机械臂API初始化完毕
2023-11-13 14:41:17 - robotic_arm - INFO: 连接机械臂成功:1148
2023-11-13 14:41:17 - robotic_arm - INFO: 设置机械臂末端参数为初始值
2023-11-13 14:41:17 - robotic_arm - INFO: change_frame:0
2023-11-13 14:41:24 - __main__ - INFO: 获取状态：成功，当前位姿为[-0.20555099844932556, 0.004108000081032515, 0.35954898595809937, 3.119999885559082, 0.019999999552965164, -0.032999999821186066] 
2023-11-13 14:47:48 - robotic_arm - INFO: 开始进行机械臂API初始化完毕
2023-11-13 14:47:49 - robotic_arm - INFO: 连接机械臂成功:1148
2023-11-13 14:47:49 - robotic_arm - INFO: 设置机械臂末端参数为初始值
2023-11-13 14:47:49 - robotic_arm - INFO: change_frame:0
2023-11-13 14:47:59 - __main__ - INFO: 获取状态：成功，当前位姿为[-0.2055329978466034, 0.0041069998405873775, 0.3595679998397827, 3.119999885559082, 0.020999999716877937, -0.032999999821186066] 
2023-11-13 14:49:10 - robotic_arm - INFO: 开始进行机械臂API初始化完毕
2023-11-13 14:49:11 - robotic_arm - INFO: 连接机械臂成功:1148
2023-11-13 14:49:11 - robotic_arm - INFO: 设置机械臂末端参数为初始值
2023-11-13 14:49:11 - robotic_arm - INFO: change_frame:0
2023-11-13 14:52:20 - robotic_arm - INFO: 开始进行机械臂API初始化完毕
2023-11-13 14:52:21 - robotic_arm - INFO: 连接机械臂成功:1168
2023-11-13 14:52:21 - robotic_arm - INFO: 设置机械臂末端参数为初始值
2023-11-13 14:52:21 - robotic_arm - INFO: change_frame:0
2023-11-13 14:52:27 - __main__ - INFO: 获取状态：成功，当前位姿为[-0.31316301226615906, -0.11142399907112122, 0.30549100041389465, 3.1489999294281006, 0.0729999989271164, 0.34700000286102295] 
2023-11-13 14:54:48 - robotic_arm - INFO: 开始进行机械臂API初始化完毕
2023-11-13 14:54:48 - robotic_arm - INFO: 连接机械臂成功:1148
2023-11-13 14:54:48 - robotic_arm - INFO: 设置机械臂末端参数为初始值
2023-11-13 14:54:49 - robotic_arm - INFO: change_frame:0
2023-11-13 14:54:55 - __main__ - INFO: 获取状态：成功，当前位姿为[-0.3131429851055145, -0.11141200363636017, 0.3054879903793335, 3.1489999294281006, 0.0729999989271164, 0.34700000286102295] 
2023-11-13 15:01:00 - robotic_arm - INFO: 开始进行机械臂API初始化完毕
2023-11-13 15:01:00 - robotic_arm - INFO: 连接机械臂成功:1172
2023-11-13 15:01:00 - robotic_arm - INFO: 设置机械臂末端参数为初始值
2023-11-13 15:01:01 - robotic_arm - INFO: change_frame:0
2023-11-13 15:01:05 - __main__ - INFO: 获取状态：成功，当前位姿为[-0.31314998865127563, -0.11143200099468231, 0.3054890036582947, 3.1489999294281006, 0.0729999989271164, 0.34700000286102295] 
2023-11-13 15:05:53 - robotic_arm - INFO: 开始进行机械臂API初始化完毕
2023-11-13 15:05:53 - robotic_arm - INFO: 连接机械臂成功:1148
2023-11-13 15:05:53 - robotic_arm - INFO: 设置机械臂末端参数为初始值
2023-11-13 15:05:53 - robotic_arm - INFO: change_frame:0
2023-11-13 15:05:58 - __main__ - INFO: 获取状态：成功，当前位姿为[-0.3131619989871979, -0.1114019975066185, 0.3054940104484558, 3.1489999294281006, 0.0729999989271164, 0.34700000286102295] 
2023-11-13 15:08:26 - robotic_arm - INFO: 开始进行机械臂API初始化完毕
2023-11-13 15:08:27 - robotic_arm - INFO: 连接机械臂成功:1148
2023-11-13 15:08:27 - robotic_arm - INFO: 设置机械臂末端参数为初始值
2023-11-13 15:08:27 - robotic_arm - INFO: change_frame:0
2023-11-13 15:08:31 - __main__ - INFO: 获取状态：成功，当前位姿为[-0.3131619989871979, -0.11141899973154068, 0.30549100041389465, 3.1489999294281006, 0.0729999989271164, 0.34700000286102295] 
2023-11-13 15:08:36 - robotic_arm - INFO: Movel_Cmd:0
2023-11-13 15:10:18 - robotic_arm - INFO: 开始进行机械臂API初始化完毕
2023-11-13 15:10:18 - robotic_arm - INFO: 连接机械臂成功:1220
2023-11-13 15:10:18 - robotic_arm - INFO: 设置机械臂末端参数为初始值
2023-11-13 15:10:18 - robotic_arm - INFO: change_frame:0
2023-11-13 15:10:22 - __main__ - INFO: 获取状态：成功，当前位姿为[-0.2086630016565323, -0.09392400085926056, 0.47350600361824036, 3.0989999771118164, 0.10899999737739563, 0.3179999887943268] 
2023-11-13 15:10:23 - robotic_arm - INFO: Movel_Cmd:0
2023-11-13 15:11:50 - robotic_arm - INFO: 开始进行机械臂API初始化完毕
2023-11-13 15:11:50 - robotic_arm - INFO: 连接机械臂成功:1156
2023-11-13 15:11:50 - robotic_arm - INFO: 设置机械臂末端参数为初始值
2023-11-13 15:11:50 - robotic_arm - INFO: change_frame:0
2023-11-13 15:11:54 - __main__ - INFO: 获取状态：成功，当前位姿为[-0.20917199552059174, -0.09444499760866165, 0.47299399971961975, 3.0969998836517334, 0.10700000077486038, 0.31700000166893005] 
2023-11-13 15:11:56 - robotic_arm - INFO: Movel_Cmd:0
2023-11-13 15:13:10 - robotic_arm - INFO: 开始进行机械臂API初始化完毕
2023-11-13 15:13:11 - robotic_arm - INFO: 连接机械臂成功:1148
2023-11-13 15:13:11 - robotic_arm - INFO: 设置机械臂末端参数为初始值
2023-11-13 15:13:11 - robotic_arm - INFO: change_frame:0
2023-11-13 15:13:15 - __main__ - INFO: 获取状态：成功，当前位姿为[-0.2096710056066513, -0.09443999826908112, 0.4729830026626587, 3.0969998836517334, 0.10599999874830246, 0.3160000145435333] 
2023-11-13 15:13:16 - robotic_arm - INFO: Movel_Cmd:0
2023-11-13 15:17:11 - robotic_arm - INFO: 开始进行机械臂API初始化完毕
2023-11-13 15:17:11 - robotic_arm - INFO: 连接机械臂成功:1588
2023-11-13 15:17:11 - robotic_arm - INFO: 设置机械臂末端参数为初始值
2023-11-13 15:17:12 - robotic_arm - INFO: change_frame:0
2023-11-13 15:17:16 - __main__ - INFO: 获取状态：成功，当前位姿为[-0.21467499434947968, -0.09442099928855896, 0.4729959964752197, 3.0969998836517334, 0.10599999874830246, 0.3149999976158142] 
2023-11-13 15:17:17 - robotic_arm - INFO: Movel_Cmd:0
2023-11-13 15:17:18 - robotic_arm - INFO: Movel_Cmd:0
2023-11-13 15:17:19 - robotic_arm - INFO: Movel_Cmd:0
2023-11-13 15:17:20 - robotic_arm - INFO: Movel_Cmd:0
2023-11-13 15:17:21 - robotic_arm - INFO: Movel_Cmd:0
2023-11-13 15:20:41 - robotic_arm - INFO: 开始进行机械臂API初始化完毕
2023-11-13 15:20:41 - robotic_arm - INFO: 连接机械臂成功:1148
2023-11-13 15:20:41 - robotic_arm - INFO: 设置机械臂末端参数为初始值
2023-11-13 15:20:41 - robotic_arm - INFO: change_frame:0
2023-11-13 15:20:46 - __main__ - INFO: 获取状态：成功，当前位姿为[-0.21966999769210815, -0.09443599730730057, 0.4729880094528198, 3.0959999561309814, 0.10599999874830246, 0.3149999976158142] 
2023-11-13 15:20:47 - robotic_arm - INFO: Movel_Cmd:0
2023-11-13 15:20:47 - __main__ - INFO: 第一次1向x轴运动2cm：成功，当前位姿为[-0.22466999769210816, -0.09443599730730057, 0.4729880094528198, 3.0959999561309814, 0.10599999874830246, 0.3149999976158142] 
2023-11-13 15:20:48 - robotic_arm - INFO: Movel_Cmd:0
2023-11-13 15:20:48 - __main__ - INFO: 第一次1向x轴运动2cm：成功，当前位姿为[-0.22766999769210816, -0.09443599730730057, 0.4729880094528198, 3.0959999561309814, 0.10599999874830246, 0.3149999976158142] 
2023-11-13 15:20:49 - robotic_arm - INFO: Movel_Cmd:0
2023-11-13 15:20:49 - __main__ - INFO: 第一次1向x轴运动2cm：成功，当前位姿为[-0.22866999769210816, -0.09443599730730057, 0.4729880094528198, 3.0959999561309814, 0.10599999874830246, 0.3149999976158142] 
2023-11-13 15:20:50 - robotic_arm - INFO: Movel_Cmd:0
2023-11-13 15:20:50 - __main__ - INFO: 第一次1向x轴运动2cm：成功，当前位姿为[-0.22766999769210816, -0.09443599730730057, 0.4729880094528198, 3.0959999561309814, 0.10599999874830246, 0.3149999976158142] 
2023-11-13 15:20:51 - robotic_arm - INFO: Movel_Cmd:0
2023-11-13 15:20:51 - __main__ - INFO: 第一次1向x轴运动2cm：成功，当前位姿为[-0.22466999769210816, -0.09443599730730057, 0.4729880094528198, 3.0959999561309814, 0.10599999874830246, 0.3149999976158142] 
2023-11-13 15:23:28 - robotic_arm - INFO: 开始进行机械臂API初始化完毕
2023-11-13 15:23:28 - robotic_arm - INFO: 连接机械臂成功:1148
2023-11-13 15:23:28 - robotic_arm - INFO: 设置机械臂末端参数为初始值
2023-11-13 15:23:28 - robotic_arm - INFO: change_frame:0
2023-11-13 15:23:33 - __main__ - INFO: 获取状态：成功，当前位姿为[-0.22468100488185883, -0.09444600343704224, 0.47297701239585876, 3.0959999561309814, 0.10599999874830246, 0.3149999976158142] 
2023-11-13 15:23:34 - robotic_arm - INFO: Movel_Cmd:0
2023-11-13 15:23:34 - __main__ - INFO: 第1次向x轴运动2cm：成功，当前位姿为[-0.22968100488185883, -0.09444600343704224, 0.47297701239585876, 3.0959999561309814, 0.10599999874830246, 0.3149999976158142] 
2023-11-13 15:23:35 - robotic_arm - INFO: Movel_Cmd:0
2023-11-13 15:23:35 - __main__ - INFO: 第1次向x轴运动2cm：成功，当前位姿为[-0.23268100488185883, -0.09444600343704224, 0.47297701239585876, 3.0959999561309814, 0.10599999874830246, 0.3149999976158142] 
2023-11-13 15:23:36 - robotic_arm - INFO: Movel_Cmd:0
2023-11-13 15:23:36 - __main__ - INFO: 第1次向x轴运动2cm：成功，当前位姿为[-0.23368100488185883, -0.09444600343704224, 0.47297701239585876, 3.0959999561309814, 0.10599999874830246, 0.3149999976158142] 
2023-11-13 15:23:37 - robotic_arm - INFO: Movel_Cmd:0
2023-11-13 15:23:37 - __main__ - INFO: 第1次向x轴运动2cm：成功，当前位姿为[-0.23268100488185883, -0.09444600343704224, 0.47297701239585876, 3.0959999561309814, 0.10599999874830246, 0.3149999976158142] 
2023-11-13 15:23:38 - robotic_arm - INFO: Movel_Cmd:0
2023-11-13 15:23:38 - __main__ - INFO: 第1次向x轴运动2cm：成功，当前位姿为[-0.22968100488185883, -0.09444600343704224, 0.47297701239585876, 3.0959999561309814, 0.10599999874830246, 0.3149999976158142] 
2023-11-13 15:23:39 - robotic_arm - INFO: Movel_Cmd:0
2023-11-13 15:23:39 - __main__ - INFO: 第1次向y轴运动2cm：成功，当前位姿为[-0.22968100488185883, -0.09944600343704224, 0.47297701239585876, 3.0959999561309814, 0.10599999874830246, 0.3149999976158142] 
2023-11-13 15:23:40 - robotic_arm - INFO: Movel_Cmd:0
2023-11-13 15:23:40 - __main__ - INFO: 第1次向y轴运动2cm：成功，当前位姿为[-0.22968100488185883, -0.10244600343704224, 0.47297701239585876, 3.0959999561309814, 0.10599999874830246, 0.3149999976158142] 
2023-11-13 15:23:41 - robotic_arm - INFO: Movel_Cmd:0
2023-11-13 15:23:41 - __main__ - INFO: 第1次向y轴运动2cm：成功，当前位姿为[-0.22968100488185883, -0.10344600343704224, 0.47297701239585876, 3.0959999561309814, 0.10599999874830246, 0.3149999976158142] 
2023-11-13 15:23:42 - robotic_arm - INFO: Movel_Cmd:0
2023-11-13 15:23:42 - __main__ - INFO: 第1次向y轴运动2cm：成功，当前位姿为[-0.22968100488185883, -0.10244600343704224, 0.47297701239585876, 3.0959999561309814, 0.10599999874830246, 0.3149999976158142] 
2023-11-13 15:23:43 - robotic_arm - INFO: Movel_Cmd:0
2023-11-13 15:23:43 - __main__ - INFO: 第1次向y轴运动2cm：成功，当前位姿为[-0.22968100488185883, -0.09944600343704224, 0.47297701239585876, 3.0959999561309814, 0.10599999874830246, 0.3149999976158142] 
2023-11-13 15:24:51 - robotic_arm - INFO: 开始进行机械臂API初始化完毕
2023-11-13 15:24:51 - robotic_arm - INFO: 连接机械臂成功:1160
2023-11-13 15:24:51 - robotic_arm - INFO: 设置机械臂末端参数为初始值
2023-11-13 15:24:52 - robotic_arm - INFO: change_frame:0
2023-11-13 15:24:57 - __main__ - INFO: 获取状态：成功，当前位姿为[-0.2296849936246872, -0.09944400191307068, 0.4729659855365753, 3.0959999561309814, 0.10599999874830246, 0.3149999976158142] 
2023-11-13 15:24:58 - robotic_arm - INFO: Movel_Cmd:0
2023-11-13 15:24:58 - __main__ - INFO: 第1次向x轴运动2cm：成功，当前位姿为[-0.2346849936246872, -0.09944400191307068, 0.4729659855365753, 3.0959999561309814, 0.10599999874830246, 0.3149999976158142] 
2023-11-13 15:24:59 - robotic_arm - INFO: Movel_Cmd:0
2023-11-13 15:24:59 - __main__ - INFO: 第2次向x轴运动2cm：成功，当前位姿为[-0.2376849936246872, -0.09944400191307068, 0.4729659855365753, 3.0959999561309814, 0.10599999874830246, 0.3149999976158142] 
2023-11-13 15:25:00 - robotic_arm - INFO: Movel_Cmd:0
2023-11-13 15:25:00 - __main__ - INFO: 第3次向x轴运动2cm：成功，当前位姿为[-0.2386849936246872, -0.09944400191307068, 0.4729659855365753, 3.0959999561309814, 0.10599999874830246, 0.3149999976158142] 
2023-11-13 15:25:01 - robotic_arm - INFO: Movel_Cmd:0
2023-11-13 15:25:01 - __main__ - INFO: 第4次向x轴运动2cm：成功，当前位姿为[-0.2376849936246872, -0.09944400191307068, 0.4729659855365753, 3.0959999561309814, 0.10599999874830246, 0.3149999976158142] 
2023-11-13 15:25:02 - robotic_arm - INFO: Movel_Cmd:0
2023-11-13 15:25:02 - __main__ - INFO: 第5次向x轴运动2cm：成功，当前位姿为[-0.2346849936246872, -0.09944400191307068, 0.4729659855365753, 3.0959999561309814, 0.10599999874830246, 0.3149999976158142] 
2023-11-13 15:25:03 - robotic_arm - INFO: Movel_Cmd:0
2023-11-13 15:25:03 - __main__ - INFO: 第1次向y轴运动2cm：成功，当前位姿为[-0.2346849936246872, -0.10444400191307068, 0.4729659855365753, 3.0959999561309814, 0.10599999874830246, 0.3149999976158142] 
2023-11-13 15:25:04 - robotic_arm - INFO: Movel_Cmd:0
2023-11-13 15:25:04 - __main__ - INFO: 第2次向y轴运动2cm：成功，当前位姿为[-0.2346849936246872, -0.10744400191307069, 0.4729659855365753, 3.0959999561309814, 0.10599999874830246, 0.3149999976158142] 
2023-11-13 15:25:05 - robotic_arm - INFO: Movel_Cmd:0
2023-11-13 15:25:05 - __main__ - INFO: 第3次向y轴运动2cm：成功，当前位姿为[-0.2346849936246872, -0.10844400191307069, 0.4729659855365753, 3.0959999561309814, 0.10599999874830246, 0.3149999976158142] 
2023-11-13 15:25:06 - robotic_arm - INFO: Movel_Cmd:0
2023-11-13 15:25:06 - __main__ - INFO: 第4次向y轴运动2cm：成功，当前位姿为[-0.2346849936246872, -0.10744400191307069, 0.4729659855365753, 3.0959999561309814, 0.10599999874830246, 0.3149999976158142] 
2023-11-13 15:25:07 - robotic_arm - INFO: Movel_Cmd:0
2023-11-13 15:25:07 - __main__ - INFO: 第5次向y轴运动2cm：成功，当前位姿为[-0.2346849936246872, -0.10444400191307068, 0.4729659855365753, 3.0959999561309814, 0.10599999874830246, 0.3149999976158142] 
2023-11-13 15:25:28 - robotic_arm - INFO: 开始进行机械臂API初始化完毕
2023-11-13 15:25:28 - robotic_arm - INFO: 连接机械臂成功:1148
2023-11-13 15:25:28 - robotic_arm - INFO: 设置机械臂末端参数为初始值
2023-11-13 15:25:29 - robotic_arm - INFO: change_frame:0
2023-11-13 15:25:34 - __main__ - INFO: 获取状态：成功，当前位姿为[-0.23468799889087677, -0.10444600135087967, 0.4729450047016144, 3.0959999561309814, 0.10499999672174454, 0.3149999976158142] 
2023-11-13 15:25:35 - robotic_arm - INFO: Movel_Cmd:0
2023-11-13 15:25:35 - __main__ - INFO: 第1次向x轴运动2cm：成功，当前位姿为[-0.23968799889087677, -0.10444600135087967, 0.4729450047016144, 3.0959999561309814, 0.10499999672174454, 0.3149999976158142] 
2023-11-13 15:25:36 - robotic_arm - INFO: Movel_Cmd:0
2023-11-13 15:25:36 - __main__ - INFO: 第2次向x轴运动2cm：成功，当前位姿为[-0.24268799889087678, -0.10444600135087967, 0.4729450047016144, 3.0959999561309814, 0.10499999672174454, 0.3149999976158142] 
2023-11-13 15:25:37 - robotic_arm - INFO: Movel_Cmd:0
2023-11-13 15:25:37 - __main__ - INFO: 第3次向x轴运动2cm：成功，当前位姿为[-0.24368799889087678, -0.10444600135087967, 0.4729450047016144, 3.0959999561309814, 0.10499999672174454, 0.3149999976158142] 
2023-11-13 15:25:38 - robotic_arm - INFO: Movel_Cmd:0
2023-11-13 15:25:38 - __main__ - INFO: 第4次向x轴运动2cm：成功，当前位姿为[-0.24268799889087678, -0.10444600135087967, 0.4729450047016144, 3.0959999561309814, 0.10499999672174454, 0.3149999976158142] 
2023-11-13 15:25:39 - robotic_arm - INFO: Movel_Cmd:0
2023-11-13 15:25:39 - __main__ - INFO: 第5次向x轴运动2cm：成功，当前位姿为[-0.23968799889087677, -0.10444600135087967, 0.4729450047016144, 3.0959999561309814, 0.10499999672174454, 0.3149999976158142] 
2023-11-13 15:25:40 - robotic_arm - INFO: Movel_Cmd:0
2023-11-13 15:25:40 - __main__ - INFO: 第1次向y轴运动2cm：成功，当前位姿为[-0.23968799889087677, -0.10944600135087967, 0.4729450047016144, 3.0959999561309814, 0.10499999672174454, 0.3149999976158142] 
2023-11-13 15:25:41 - robotic_arm - INFO: Movel_Cmd:0
2023-11-13 15:25:41 - __main__ - INFO: 第2次向y轴运动2cm：成功，当前位姿为[-0.23968799889087677, -0.11244600135087968, 0.4729450047016144, 3.0959999561309814, 0.10499999672174454, 0.3149999976158142] 
2023-11-13 15:25:42 - robotic_arm - INFO: Movel_Cmd:0
2023-11-13 15:25:42 - __main__ - INFO: 第3次向y轴运动2cm：成功，当前位姿为[-0.23968799889087677, -0.11344600135087968, 0.4729450047016144, 3.0959999561309814, 0.10499999672174454, 0.3149999976158142] 
2023-11-13 15:25:43 - robotic_arm - INFO: Movel_Cmd:0
2023-11-13 15:25:43 - __main__ - INFO: 第4次向y轴运动2cm：成功，当前位姿为[-0.23968799889087677, -0.11244600135087968, 0.4729450047016144, 3.0959999561309814, 0.10499999672174454, 0.3149999976158142] 
2023-11-13 15:25:44 - robotic_arm - INFO: Movel_Cmd:0
2023-11-13 15:25:44 - __main__ - INFO: 第5次向y轴运动2cm：成功，当前位姿为[-0.23968799889087677, -0.10944600135087967, 0.4729450047016144, 3.0959999561309814, 0.10499999672174454, 0.3149999976158142] 
2023-11-13 15:26:45 - robotic_arm - INFO: 开始进行机械臂API初始化完毕
2023-11-13 15:26:45 - robotic_arm - INFO: 连接机械臂成功:1148
2023-11-13 15:26:45 - robotic_arm - INFO: 设置机械臂末端参数为初始值
2023-11-13 15:26:45 - robotic_arm - INFO: change_frame:0
2023-11-13 15:26:52 - __main__ - INFO: 获取状态：成功，当前位姿为[-0.2396869957447052, -0.10944700241088867, 0.4729360044002533, 3.0959999561309814, 0.10400000214576721, 0.3149999976158142] 
2023-11-13 15:26:53 - robotic_arm - INFO: Movel_Cmd:0
2023-11-13 15:26:53 - __main__ - INFO: 第1次向x轴运动2cm：成功，当前位姿为[-0.2446869957447052, -0.10944700241088867, 0.4729360044002533, 3.0959999561309814, 0.10400000214576721, 0.3149999976158142] 
2023-11-13 15:26:54 - robotic_arm - INFO: Movel_Cmd:0
2023-11-13 15:26:54 - __main__ - INFO: 第2次向x轴运动2cm：成功，当前位姿为[-0.2476869957447052, -0.10944700241088867, 0.4729360044002533, 3.0959999561309814, 0.10400000214576721, 0.3149999976158142] 
2023-11-13 15:26:55 - robotic_arm - INFO: Movel_Cmd:0
2023-11-13 15:26:55 - __main__ - INFO: 第3次向x轴运动2cm：成功，当前位姿为[-0.2486869957447052, -0.10944700241088867, 0.4729360044002533, 3.0959999561309814, 0.10400000214576721, 0.3149999976158142] 
2023-11-13 15:26:56 - robotic_arm - INFO: Movel_Cmd:0
2023-11-13 15:26:56 - __main__ - INFO: 第4次向x轴运动2cm：成功，当前位姿为[-0.2476869957447052, -0.10944700241088867, 0.4729360044002533, 3.0959999561309814, 0.10400000214576721, 0.3149999976158142] 
2023-11-13 15:26:57 - robotic_arm - INFO: Movel_Cmd:0
2023-11-13 15:26:57 - __main__ - INFO: 第5次向x轴运动2cm：成功，当前位姿为[-0.2446869957447052, -0.10944700241088867, 0.4729360044002533, 3.0959999561309814, 0.10400000214576721, 0.3149999976158142] 
2023-11-13 15:26:59 - robotic_arm - INFO: Movel_Cmd:0
2023-11-13 15:26:59 - __main__ - INFO: 第1次向y轴运动2cm：成功，当前位姿为[-0.2446869957447052, -0.11444700241088868, 0.4729360044002533, 3.0959999561309814, 0.10400000214576721, 0.3149999976158142] 
2023-11-13 15:27:00 - robotic_arm - INFO: Movel_Cmd:0
2023-11-13 15:27:00 - __main__ - INFO: 第2次向y轴运动2cm：成功，当前位姿为[-0.2446869957447052, -0.11744700241088868, 0.4729360044002533, 3.0959999561309814, 0.10400000214576721, 0.3149999976158142] 
2023-11-13 15:27:01 - robotic_arm - INFO: Movel_Cmd:0
2023-11-13 15:27:01 - __main__ - INFO: 第3次向y轴运动2cm：成功，当前位姿为[-0.2446869957447052, -0.11844700241088868, 0.4729360044002533, 3.0959999561309814, 0.10400000214576721, 0.3149999976158142] 
2023-11-13 15:27:02 - robotic_arm - INFO: Movel_Cmd:0
2023-11-13 15:27:02 - __main__ - INFO: 第4次向y轴运动2cm：成功，当前位姿为[-0.2446869957447052, -0.11744700241088868, 0.4729360044002533, 3.0959999561309814, 0.10400000214576721, 0.3149999976158142] 
2023-11-13 15:27:03 - robotic_arm - INFO: Movel_Cmd:0
2023-11-13 15:27:03 - __main__ - INFO: 第5次向y轴运动2cm：成功，当前位姿为[-0.2446869957447052, -0.11444700241088868, 0.4729360044002533, 3.0959999561309814, 0.10400000214576721, 0.3149999976158142] 
2023-11-13 15:29:17 - robotic_arm - INFO: 开始进行机械臂API初始化完毕
2023-11-13 15:29:17 - robotic_arm - INFO: 连接机械臂成功:1148
2023-11-13 15:29:17 - robotic_arm - INFO: 设置机械臂末端参数为初始值
2023-11-13 15:29:17 - robotic_arm - INFO: change_frame:0
2023-11-13 15:29:28 - __main__ - INFO: 获取状态：成功，当前位姿为[-0.24469499289989471, -0.11445499956607819, 0.47293001413345337, 3.0959999561309814, 0.10400000214576721, 0.3140000104904175] 
2023-11-13 15:29:29 - robotic_arm - INFO: Movel_Cmd:0
2023-11-13 15:29:29 - __main__ - INFO: 第1次向x轴运动2cm：成功，当前位姿为[-0.24969499289989472, -0.11445499956607819, 0.47293001413345337, 3.0959999561309814, 0.10400000214576721, 0.3140000104904175] 
2023-11-13 15:29:30 - robotic_arm - INFO: Movel_Cmd:0
2023-11-13 15:29:30 - __main__ - INFO: 第2次向x轴运动2cm：成功，当前位姿为[-0.2526949928998947, -0.11445499956607819, 0.47293001413345337, 3.0959999561309814, 0.10400000214576721, 0.3140000104904175] 
2023-11-13 15:29:31 - robotic_arm - INFO: Movel_Cmd:0
2023-11-13 15:29:31 - __main__ - INFO: 第3次向x轴运动2cm：成功，当前位姿为[-0.2536949928998947, -0.11445499956607819, 0.47293001413345337, 3.0959999561309814, 0.10400000214576721, 0.3140000104904175] 
2023-11-13 15:29:32 - robotic_arm - INFO: Movel_Cmd:0
2023-11-13 15:29:32 - __main__ - INFO: 第4次向x轴运动2cm：成功，当前位姿为[-0.2526949928998947, -0.11445499956607819, 0.47293001413345337, 3.0959999561309814, 0.10400000214576721, 0.3140000104904175] 
2023-11-13 15:29:33 - robotic_arm - INFO: Movel_Cmd:0
2023-11-13 15:29:33 - __main__ - INFO: 第5次向x轴运动2cm：成功，当前位姿为[-0.24969499289989472, -0.11445499956607819, 0.47293001413345337, 3.0959999561309814, 0.10400000214576721, 0.3140000104904175] 
2023-11-13 15:29:34 - robotic_arm - INFO: Movel_Cmd:0
2023-11-13 15:29:34 - __main__ - INFO: 第1次向y轴运动2cm：成功，当前位姿为[-0.24969499289989472, -0.11945499956607819, 0.47293001413345337, 3.0959999561309814, 0.10400000214576721, 0.3140000104904175] 
2023-11-13 15:29:35 - robotic_arm - INFO: Movel_Cmd:0
2023-11-13 15:29:35 - __main__ - INFO: 第2次向y轴运动2cm：成功，当前位姿为[-0.24969499289989472, -0.1224549995660782, 0.47293001413345337, 3.0959999561309814, 0.10400000214576721, 0.3140000104904175] 
2023-11-13 15:29:36 - robotic_arm - INFO: Movel_Cmd:0
2023-11-13 15:29:36 - __main__ - INFO: 第3次向y轴运动2cm：成功，当前位姿为[-0.24969499289989472, -0.1234549995660782, 0.47293001413345337, 3.0959999561309814, 0.10400000214576721, 0.3140000104904175] 
2023-11-13 15:29:37 - robotic_arm - INFO: Movel_Cmd:0
2023-11-13 15:29:37 - __main__ - INFO: 第4次向y轴运动2cm：成功，当前位姿为[-0.24969499289989472, -0.1224549995660782, 0.47293001413345337, 3.0959999561309814, 0.10400000214576721, 0.3140000104904175] 
2023-11-13 15:29:38 - robotic_arm - INFO: Movel_Cmd:0
2023-11-13 15:29:38 - __main__ - INFO: 第5次向y轴运动2cm：成功，当前位姿为[-0.24969499289989472, -0.11945499956607819, 0.47293001413345337, 3.0959999561309814, 0.10400000214576721, 0.3140000104904175] 
2023-11-13 15:30:59 - robotic_arm - INFO: 开始进行机械臂API初始化完毕
2023-11-13 15:30:59 - robotic_arm - INFO: 连接机械臂成功:820
2023-11-13 15:30:59 - robotic_arm - INFO: 设置机械臂末端参数为初始值
2023-11-13 15:31:00 - robotic_arm - INFO: change_frame:0
2023-11-13 15:33:36 - robotic_arm - INFO: 开始进行机械臂API初始化完毕
2023-11-13 15:33:36 - robotic_arm - INFO: 连接机械臂成功:1148
2023-11-13 15:33:36 - robotic_arm - INFO: 设置机械臂末端参数为初始值
2023-11-13 15:33:36 - robotic_arm - INFO: change_frame:0
2023-11-13 15:33:41 - __main__ - INFO: 获取状态：成功，当前位姿为[-0.24970300495624542, -0.11945299804210663, 0.47290799021720886, 3.0959999561309814, 0.10300000011920929, 0.3140000104904175] 
2023-11-13 15:33:42 - robotic_arm - INFO: Movel_Cmd:1
2023-11-13 15:33:42 - __main__ - INFO: 第1次向x轴运动2cm：失败，None 
2023-11-13 15:33:42 - __main__ - WARNING: 机器人x方向移动失败：1
2023-11-13 15:33:43 - robotic_arm - INFO: Movel_Cmd:1
2023-11-13 15:33:43 - __main__ - INFO: 第1次向y轴运动2cm：失败，None 
2023-11-13 15:33:43 - __main__ - WARNING: 机器人y方向移动失败：1
2023-11-13 15:36:04 - robotic_arm - INFO: 开始进行机械臂API初始化完毕
2023-11-13 15:36:04 - robotic_arm - INFO: 连接机械臂成功:1148
2023-11-13 15:36:04 - robotic_arm - INFO: 设置机械臂末端参数为初始值
2023-11-13 15:36:05 - robotic_arm - INFO: change_frame:0
2023-11-13 15:36:10 - __main__ - INFO: 获取状态：成功，当前位姿为[-0.3734019994735718, -0.14350800216197968, 0.30910900235176086, 3.119999885559082, 0.12999999523162842, 0.23100000619888306] 
2023-11-13 15:36:11 - robotic_arm - INFO: Movel_Cmd:0
2023-11-13 15:36:11 - __main__ - INFO: 第1次向x轴运动2cm：成功，当前位姿为[-0.3784019994735718, -0.14350800216197968, 0.30910900235176086, 3.119999885559082, 0.12999999523162842, 0.23100000619888306] 
2023-11-13 15:36:12 - robotic_arm - INFO: Movel_Cmd:0
2023-11-13 15:36:12 - __main__ - INFO: 第2次向x轴运动2cm：成功，当前位姿为[-0.3814019994735718, -0.14350800216197968, 0.30910900235176086, 3.119999885559082, 0.12999999523162842, 0.23100000619888306] 
2023-11-13 15:36:13 - robotic_arm - INFO: Movel_Cmd:0
2023-11-13 15:36:13 - __main__ - INFO: 第3次向x轴运动2cm：成功，当前位姿为[-0.3824019994735718, -0.14350800216197968, 0.30910900235176086, 3.119999885559082, 0.12999999523162842, 0.23100000619888306] 
2023-11-13 15:36:14 - robotic_arm - INFO: Movel_Cmd:0
2023-11-13 15:36:14 - __main__ - INFO: 第4次向x轴运动2cm：成功，当前位姿为[-0.3814019994735718, -0.14350800216197968, 0.30910900235176086, 3.119999885559082, 0.12999999523162842, 0.23100000619888306] 
2023-11-13 15:36:15 - robotic_arm - INFO: Movel_Cmd:0
2023-11-13 15:36:15 - __main__ - INFO: 第5次向x轴运动2cm：成功，当前位姿为[-0.3784019994735718, -0.14350800216197968, 0.30910900235176086, 3.119999885559082, 0.12999999523162842, 0.23100000619888306] 
2023-11-13 15:36:16 - robotic_arm - INFO: Movel_Cmd:0
2023-11-13 15:36:16 - __main__ - INFO: 第1次向y轴运动2cm：成功，当前位姿为[-0.3784019994735718, -0.14850800216197968, 0.30910900235176086, 3.119999885559082, 0.12999999523162842, 0.23100000619888306] 
2023-11-13 15:36:17 - robotic_arm - INFO: Movel_Cmd:0
2023-11-13 15:36:17 - __main__ - INFO: 第2次向y轴运动2cm：成功，当前位姿为[-0.3784019994735718, -0.15150800216197968, 0.30910900235176086, 3.119999885559082, 0.12999999523162842, 0.23100000619888306] 
2023-11-13 15:36:18 - robotic_arm - INFO: Movel_Cmd:0
2023-11-13 15:36:18 - __main__ - INFO: 第3次向y轴运动2cm：成功，当前位姿为[-0.3784019994735718, -0.15250800216197968, 0.30910900235176086, 3.119999885559082, 0.12999999523162842, 0.23100000619888306] 
2023-11-13 15:36:19 - robotic_arm - INFO: Movel_Cmd:0
2023-11-13 15:36:19 - __main__ - INFO: 第4次向y轴运动2cm：成功，当前位姿为[-0.3784019994735718, -0.15150800216197968, 0.30910900235176086, 3.119999885559082, 0.12999999523162842, 0.23100000619888306] 
2023-11-13 15:36:20 - robotic_arm - INFO: Movel_Cmd:0
2023-11-13 15:36:20 - __main__ - INFO: 第5次向y轴运动2cm：成功，当前位姿为[-0.3784019994735718, -0.14850800216197968, 0.30910900235176086, 3.119999885559082, 0.12999999523162842, 0.23100000619888306] 
2023-11-13 15:39:59 - robotic_arm - INFO: 开始进行机械臂API初始化完毕
2023-11-13 15:39:59 - robotic_arm - INFO: 连接机械臂成功:1692
2023-11-13 15:39:59 - robotic_arm - INFO: 设置机械臂末端参数为初始值
2023-11-13 15:39:59 - robotic_arm - INFO: change_frame:0
2023-11-13 19:11:25 - robotic_arm - INFO: 开始进行机械臂API初始化完毕
2023-11-13 19:11:44 - robotic_arm - INFO: 开始进行机械臂API初始化完毕
2023-11-13 19:11:47 - robotic_arm - INFO: 开始进行机械臂API初始化完毕
2023-11-13 19:12:08 - robotic_arm - INFO: 连接机械臂连接失败:6
