2023-11-15 09:58:27 - robotic_arm - INFO: 开始进行机械臂API初始化完毕
2023-11-15 09:58:27 - robotic_arm - INFO: 连接机械臂成功:1532
2023-11-15 09:58:27 - robotic_arm - INFO: 设置机械臂末端参数为初始值
2023-11-15 09:58:28 - robotic_arm - INFO: change_frame:0
2023-11-15 10:00:33 - __main__ - INFO: 获取状态：成功，当前位姿为[-0.24945199489593506, 0.011628000065684319, 0.3304469883441925, 3.000999927520752, 0.18299999833106995, -0.164000004529953] 
2023-11-15 10:00:34 - robotic_arm - INFO: Movel_Cmd:0
2023-11-15 10:00:34 - __main__ - INFO: 第1次向x轴运动2cm：成功，当前位姿为[-0.25445199489593506, 0.011628000065684319, 0.3304469883441925, 3.000999927520752, 0.18299999833106995, -0.164000004529953] 
2023-11-15 10:00:37 - robotic_arm - INFO: Movel_Cmd:0
2023-11-15 10:00:37 - __main__ - INFO: 第2次向x轴运动2cm：成功，当前位姿为[-0.25745199489593507, 0.011628000065684319, 0.3304469883441925, 3.000999927520752, 0.18299999833106995, -0.164000004529953] 
2023-11-15 10:00:39 - robotic_arm - INFO: Movel_Cmd:0
2023-11-15 10:00:39 - __main__ - INFO: 第3次向x轴运动2cm：成功，当前位姿为[-0.25845199489593507, 0.011628000065684319, 0.3304469883441925, 3.000999927520752, 0.18299999833106995, -0.164000004529953] 
2023-11-15 10:00:41 - robotic_arm - INFO: Movel_Cmd:0
2023-11-15 10:00:41 - __main__ - INFO: 第4次向x轴运动2cm：成功，当前位姿为[-0.25745199489593507, 0.011628000065684319, 0.3304469883441925, 3.000999927520752, 0.18299999833106995, -0.164000004529953] 
2023-11-15 10:00:43 - robotic_arm - INFO: Movel_Cmd:0
2023-11-15 10:00:43 - __main__ - INFO: 第5次向x轴运动2cm：成功，当前位姿为[-0.25445199489593506, 0.011628000065684319, 0.3304469883441925, 3.000999927520752, 0.18299999833106995, -0.164000004529953] 
2023-11-15 10:00:45 - robotic_arm - INFO: Movel_Cmd:0
2023-11-15 10:00:45 - __main__ - INFO: 第1次向y轴运动2cm：成功，当前位姿为[-0.25445199489593506, 0.0066280000656843184, 0.3304469883441925, 3.000999927520752, 0.18299999833106995, -0.164000004529953] 
2023-11-15 10:00:47 - robotic_arm - INFO: Movel_Cmd:0
2023-11-15 10:00:47 - __main__ - INFO: 第2次向y轴运动2cm：成功，当前位姿为[-0.25445199489593506, 0.0036280000656843184, 0.3304469883441925, 3.000999927520752, 0.18299999833106995, -0.164000004529953] 
2023-11-15 10:00:49 - robotic_arm - INFO: Movel_Cmd:0
2023-11-15 10:00:49 - __main__ - INFO: 第3次向y轴运动2cm：成功，当前位姿为[-0.25445199489593506, 0.0026280000656843184, 0.3304469883441925, 3.000999927520752, 0.18299999833106995, -0.164000004529953] 
2023-11-15 10:00:51 - robotic_arm - INFO: Movel_Cmd:0
2023-11-15 10:00:51 - __main__ - INFO: 第4次向y轴运动2cm：成功，当前位姿为[-0.25445199489593506, 0.0036280000656843184, 0.3304469883441925, 3.000999927520752, 0.18299999833106995, -0.164000004529953] 
2023-11-15 10:00:53 - robotic_arm - INFO: Movel_Cmd:0
2023-11-15 10:00:53 - __main__ - INFO: 第5次向y轴运动2cm：成功，当前位姿为[-0.25445199489593506, 0.0066280000656843184, 0.3304469883441925, 3.000999927520752, 0.18299999833106995, -0.164000004529953] 
2023-11-15 10:00:55 - robotic_arm - INFO: Movel_Cmd:0
2023-11-15 10:00:55 - __main__ - INFO: 第1次向z轴运动2cm：成功，当前位姿为[-0.25445199489593506, 0.0066280000656843184, 0.3254469883441925, 3.000999927520752, 0.18299999833106995, -0.164000004529953] 
2023-11-15 10:00:57 - robotic_arm - INFO: Movel_Cmd:0
2023-11-15 10:00:57 - __main__ - INFO: 第2次向z轴运动2cm：成功，当前位姿为[-0.25445199489593506, 0.0066280000656843184, 0.3224469883441925, 3.000999927520752, 0.18299999833106995, -0.164000004529953] 
2023-11-15 10:00:59 - robotic_arm - INFO: Movel_Cmd:0
2023-11-15 10:00:59 - __main__ - INFO: 第3次向z轴运动2cm：成功，当前位姿为[-0.25445199489593506, 0.0066280000656843184, 0.3214469883441925, 3.000999927520752, 0.18299999833106995, -0.164000004529953] 
2023-11-15 10:01:01 - robotic_arm - INFO: Movel_Cmd:0
2023-11-15 10:01:01 - __main__ - INFO: 第4次向z轴运动2cm：成功，当前位姿为[-0.25445199489593506, 0.0066280000656843184, 0.3224469883441925, 3.000999927520752, 0.18299999833106995, -0.164000004529953] 
2023-11-15 10:01:03 - robotic_arm - INFO: Movel_Cmd:0
2023-11-15 10:01:03 - __main__ - INFO: 第5次向z轴运动2cm：成功，当前位姿为[-0.25445199489593506, 0.0066280000656843184, 0.3254469883441925, 3.000999927520752, 0.18299999833106995, -0.164000004529953] 
2023-11-15 10:01:05 - robotic_arm - INFO: Movel_Cmd:0
2023-11-15 10:01:05 - __main__ - INFO: 第1次绕x轴旋转0.002rad：成功，当前位姿为[-0.25445199489593506, 0.0066280000656843184, 0.3254469883441925, 2.995999927520752, 0.18299999833106995, -0.164000004529953] 
2023-11-15 10:01:07 - robotic_arm - INFO: Movel_Cmd:0
2023-11-15 10:01:07 - __main__ - INFO: 第2次绕x轴旋转0.002rad：成功，当前位姿为[-0.25445199489593506, 0.0066280000656843184, 0.3254469883441925, 2.992999927520752, 0.18299999833106995, -0.164000004529953] 
2023-11-15 10:01:09 - robotic_arm - INFO: Movel_Cmd:0
2023-11-15 10:01:09 - __main__ - INFO: 第3次绕x轴旋转0.002rad：成功，当前位姿为[-0.25445199489593506, 0.0066280000656843184, 0.3254469883441925, 2.991999927520752, 0.18299999833106995, -0.164000004529953] 
2023-11-15 10:01:11 - robotic_arm - INFO: Movel_Cmd:0
2023-11-15 10:01:11 - __main__ - INFO: 第4次绕x轴旋转0.002rad：成功，当前位姿为[-0.25445199489593506, 0.0066280000656843184, 0.3254469883441925, 2.992999927520752, 0.18299999833106995, -0.164000004529953] 
2023-11-15 10:01:13 - robotic_arm - INFO: Movel_Cmd:0
2023-11-15 10:01:13 - __main__ - INFO: 第5次绕x轴旋转0.002rad：成功，当前位姿为[-0.25445199489593506, 0.0066280000656843184, 0.3254469883441925, 2.995999927520752, 0.18299999833106995, -0.164000004529953] 
