2023-11-16 10:08:29 - robotic_arm - INFO: 开始进行机械臂API初始化完毕
2023-11-16 10:08:29 - robotic_arm - INFO: 连接机械臂成功:532
2023-11-16 10:08:29 - robotic_arm - INFO: 设置机械臂末端参数为初始值
2023-11-16 10:08:30 - robotic_arm - INFO: change_frame:0
2023-11-16 10:10:40 - __main__ - INFO: 获取状态：成功，当前位姿为[-0.2427770048379898, 0.04868699982762337, 0.4794340133666992, 2.9130001068115234, 0.27900001406669617, -0.26600000262260437] 
2023-11-16 10:10:41 - robotic_arm - INFO: Movel_Cmd:0
2023-11-16 10:10:41 - __main__ - INFO: 第1次向x轴运动2cm：成功，当前位姿为[-0.2477770048379898, 0.04868699982762337, 0.4794340133666992, 2.9130001068115234, 0.27900001406669617, -0.26600000262260437] 
2023-11-16 10:10:43 - robotic_arm - INFO: Movel_Cmd:0
2023-11-16 10:10:43 - __main__ - INFO: 第2次向x轴运动2cm：成功，当前位姿为[-0.2507770048379898, 0.04868699982762337, 0.4794340133666992, 2.9130001068115234, 0.27900001406669617, -0.26600000262260437] 
2023-11-16 10:10:45 - robotic_arm - INFO: Movel_Cmd:0
2023-11-16 10:10:45 - __main__ - INFO: 第3次向x轴运动2cm：成功，当前位姿为[-0.2517770048379898, 0.04868699982762337, 0.4794340133666992, 2.9130001068115234, 0.27900001406669617, -0.26600000262260437] 
2023-11-16 10:10:47 - robotic_arm - INFO: Movel_Cmd:0
2023-11-16 10:10:47 - __main__ - INFO: 第4次向x轴运动2cm：成功，当前位姿为[-0.2507770048379898, 0.04868699982762337, 0.4794340133666992, 2.9130001068115234, 0.27900001406669617, -0.26600000262260437] 
2023-11-16 10:10:50 - robotic_arm - INFO: Movel_Cmd:0
2023-11-16 10:10:50 - __main__ - INFO: 第5次向x轴运动2cm：成功，当前位姿为[-0.2477770048379898, 0.04868699982762337, 0.4794340133666992, 2.9130001068115234, 0.27900001406669617, -0.26600000262260437] 
2023-11-16 10:10:52 - robotic_arm - INFO: Movel_Cmd:0
2023-11-16 10:10:52 - __main__ - INFO: 第1次向y轴运动2cm：成功，当前位姿为[-0.2477770048379898, 0.04368699982762337, 0.4794340133666992, 2.9130001068115234, 0.27900001406669617, -0.26600000262260437] 
2023-11-16 10:10:54 - robotic_arm - INFO: Movel_Cmd:0
2023-11-16 10:10:54 - __main__ - INFO: 第2次向y轴运动2cm：成功，当前位姿为[-0.2477770048379898, 0.04068699982762337, 0.4794340133666992, 2.9130001068115234, 0.27900001406669617, -0.26600000262260437] 
2023-11-16 10:10:56 - robotic_arm - INFO: Movel_Cmd:0
2023-11-16 10:10:56 - __main__ - INFO: 第3次向y轴运动2cm：成功，当前位姿为[-0.2477770048379898, 0.039686999827623366, 0.4794340133666992, 2.9130001068115234, 0.27900001406669617, -0.26600000262260437] 
2023-11-16 10:10:58 - robotic_arm - INFO: Movel_Cmd:0
2023-11-16 10:10:58 - __main__ - INFO: 第4次向y轴运动2cm：成功，当前位姿为[-0.2477770048379898, 0.04068699982762337, 0.4794340133666992, 2.9130001068115234, 0.27900001406669617, -0.26600000262260437] 
2023-11-16 10:11:00 - robotic_arm - INFO: Movel_Cmd:0
2023-11-16 10:11:00 - __main__ - INFO: 第5次向y轴运动2cm：成功，当前位姿为[-0.2477770048379898, 0.04368699982762337, 0.4794340133666992, 2.9130001068115234, 0.27900001406669617, -0.26600000262260437] 
2023-11-16 10:11:02 - robotic_arm - INFO: Movel_Cmd:0
2023-11-16 10:11:02 - __main__ - INFO: 第1次向z轴运动2cm：成功，当前位姿为[-0.2477770048379898, 0.04368699982762337, 0.4744340133666992, 2.9130001068115234, 0.27900001406669617, -0.26600000262260437] 
2023-11-16 10:11:04 - robotic_arm - INFO: Movel_Cmd:0
2023-11-16 10:11:04 - __main__ - INFO: 第2次向z轴运动2cm：成功，当前位姿为[-0.2477770048379898, 0.04368699982762337, 0.4714340133666992, 2.9130001068115234, 0.27900001406669617, -0.26600000262260437] 
2023-11-16 10:11:06 - robotic_arm - INFO: Movel_Cmd:0
2023-11-16 10:11:06 - __main__ - INFO: 第3次向z轴运动2cm：成功，当前位姿为[-0.2477770048379898, 0.04368699982762337, 0.4704340133666992, 2.9130001068115234, 0.27900001406669617, -0.26600000262260437] 
2023-11-16 10:11:08 - robotic_arm - INFO: Movel_Cmd:0
2023-11-16 10:11:08 - __main__ - INFO: 第4次向z轴运动2cm：成功，当前位姿为[-0.2477770048379898, 0.04368699982762337, 0.4714340133666992, 2.9130001068115234, 0.27900001406669617, -0.26600000262260437] 
2023-11-16 10:11:10 - robotic_arm - INFO: Movel_Cmd:0
2023-11-16 10:11:10 - __main__ - INFO: 第5次向z轴运动2cm：成功，当前位姿为[-0.2477770048379898, 0.04368699982762337, 0.4744340133666992, 2.9130001068115234, 0.27900001406669617, -0.26600000262260437] 
2023-11-16 10:11:12 - robotic_arm - INFO: Movel_Cmd:0
2023-11-16 10:11:12 - __main__ - INFO: 第1次绕x轴旋转0.002rad：成功，当前位姿为[-0.2477770048379898, 0.04368699982762337, 0.4744340133666992, 2.9080001068115235, 0.27900001406669617, -0.26600000262260437] 
2023-11-16 10:11:14 - robotic_arm - INFO: Movel_Cmd:0
2023-11-16 10:11:14 - __main__ - INFO: 第2次绕x轴旋转0.002rad：成功，当前位姿为[-0.2477770048379898, 0.04368699982762337, 0.4744340133666992, 2.9050001068115234, 0.27900001406669617, -0.26600000262260437] 
2023-11-16 10:11:16 - robotic_arm - INFO: Movel_Cmd:0
2023-11-16 10:11:16 - __main__ - INFO: 第3次绕x轴旋转0.002rad：成功，当前位姿为[-0.2477770048379898, 0.04368699982762337, 0.4744340133666992, 2.9040001068115235, 0.27900001406669617, -0.26600000262260437] 
2023-11-16 10:11:19 - robotic_arm - INFO: Movel_Cmd:0
2023-11-16 10:11:19 - __main__ - INFO: 第4次绕x轴旋转0.002rad：成功，当前位姿为[-0.2477770048379898, 0.04368699982762337, 0.4744340133666992, 2.9050001068115234, 0.27900001406669617, -0.26600000262260437] 
2023-11-16 10:11:21 - robotic_arm - INFO: Movel_Cmd:0
2023-11-16 10:11:21 - __main__ - INFO: 第5次绕x轴旋转0.002rad：成功，当前位姿为[-0.2477770048379898, 0.04368699982762337, 0.4744340133666992, 2.9080001068115235, 0.27900001406669617, -0.26600000262260437] 
2023-11-16 10:19:08 - robotic_arm - INFO: 开始进行机械臂API初始化完毕
2023-11-16 10:19:09 - robotic_arm - INFO: 连接机械臂成功:2372
2023-11-16 10:19:09 - robotic_arm - INFO: 设置机械臂末端参数为初始值
2023-11-16 10:19:09 - robotic_arm - INFO: change_frame:0
2023-11-16 10:20:46 - robotic_arm - INFO: 开始进行机械臂API初始化完毕
2023-11-16 10:20:46 - robotic_arm - INFO: 连接机械臂成功:2596
2023-11-16 10:20:46 - robotic_arm - INFO: 设置机械臂末端参数为初始值
2023-11-16 10:20:46 - robotic_arm - INFO: change_frame:0
2023-11-16 10:26:42 - robotic_arm - INFO: 开始进行机械臂API初始化完毕
2023-11-16 10:26:42 - robotic_arm - INFO: 连接机械臂成功:2408
2023-11-16 10:26:42 - robotic_arm - INFO: 设置机械臂末端参数为初始值
2023-11-16 10:26:42 - robotic_arm - INFO: change_frame:0
2023-11-16 10:32:24 - robotic_arm - INFO: 开始进行机械臂API初始化完毕
2023-11-16 10:32:24 - robotic_arm - INFO: 连接机械臂成功:2644
2023-11-16 10:32:24 - robotic_arm - INFO: 设置机械臂末端参数为初始值
2023-11-16 10:32:25 - robotic_arm - INFO: change_frame:0
2023-11-16 10:33:05 - robotic_arm - INFO: 开始进行机械臂API初始化完毕
2023-11-16 10:33:05 - robotic_arm - INFO: 连接机械臂成功:2344
2023-11-16 10:33:05 - robotic_arm - INFO: 设置机械臂末端参数为初始值
2023-11-16 10:33:05 - robotic_arm - INFO: change_frame:0
2023-11-16 10:33:33 - robotic_arm - INFO: 开始进行机械臂API初始化完毕
2023-11-16 10:33:33 - robotic_arm - INFO: 连接机械臂成功:1672
2023-11-16 10:33:33 - robotic_arm - INFO: 设置机械臂末端参数为初始值
2023-11-16 10:33:37 - robotic_arm - INFO: change_frame:0
2023-11-16 10:34:58 - robotic_arm - INFO: 开始进行机械臂API初始化完毕
2023-11-16 10:34:58 - robotic_arm - INFO: 连接机械臂成功:1148
2023-11-16 10:34:58 - robotic_arm - INFO: 设置机械臂末端参数为初始值
2023-11-16 10:34:58 - robotic_arm - INFO: change_frame:0
2023-11-16 10:38:33 - robotic_arm - INFO: 开始进行机械臂API初始化完毕
2023-11-16 10:38:33 - robotic_arm - INFO: 连接机械臂成功:1152
2023-11-16 10:38:33 - robotic_arm - INFO: 设置机械臂末端参数为初始值
2023-11-16 10:38:34 - robotic_arm - INFO: change_frame:0
2023-11-16 10:38:46 - __main__ - INFO: 获取状态：成功，当前位姿为[-0.2477779984474182, 0.04367699846625328, 0.4744560122489929, 2.9070000648498535, 0.27900001406669617, -0.26600000262260437] 
2023-11-16 10:38:47 - robotic_arm - INFO: Movel_Cmd:0
2023-11-16 10:38:47 - __main__ - INFO: 第1次向x轴运动2cm：成功，当前位姿为[-0.2527779984474182, 0.04367699846625328, 0.4744560122489929, 2.9070000648498535, 0.27900001406669617, -0.26600000262260437] 
2023-11-16 10:38:49 - robotic_arm - INFO: Movel_Cmd:0
2023-11-16 10:38:49 - __main__ - INFO: 第2次向x轴运动2cm：成功，当前位姿为[-0.2557779984474182, 0.04367699846625328, 0.4744560122489929, 2.9070000648498535, 0.27900001406669617, -0.26600000262260437] 
2023-11-16 10:38:51 - robotic_arm - INFO: Movel_Cmd:0
2023-11-16 10:38:51 - __main__ - INFO: 第3次向x轴运动2cm：成功，当前位姿为[-0.2567779984474182, 0.04367699846625328, 0.4744560122489929, 2.9070000648498535, 0.27900001406669617, -0.26600000262260437] 
2023-11-16 10:38:53 - robotic_arm - INFO: Movel_Cmd:0
2023-11-16 10:38:53 - __main__ - INFO: 第4次向x轴运动2cm：成功，当前位姿为[-0.2557779984474182, 0.04367699846625328, 0.4744560122489929, 2.9070000648498535, 0.27900001406669617, -0.26600000262260437] 
2023-11-16 10:38:55 - robotic_arm - INFO: Movel_Cmd:0
2023-11-16 10:38:55 - __main__ - INFO: 第5次向x轴运动2cm：成功，当前位姿为[-0.2527779984474182, 0.04367699846625328, 0.4744560122489929, 2.9070000648498535, 0.27900001406669617, -0.26600000262260437] 
2023-11-16 10:38:57 - robotic_arm - INFO: Movel_Cmd:0
2023-11-16 10:38:57 - __main__ - INFO: 第1次向y轴运动2cm：成功，当前位姿为[-0.2527779984474182, 0.03867699846625328, 0.4744560122489929, 2.9070000648498535, 0.27900001406669617, -0.26600000262260437] 
2023-11-16 10:39:00 - robotic_arm - INFO: Movel_Cmd:0
2023-11-16 10:39:00 - __main__ - INFO: 第2次向y轴运动2cm：成功，当前位姿为[-0.2527779984474182, 0.03567699846625328, 0.4744560122489929, 2.9070000648498535, 0.27900001406669617, -0.26600000262260437] 
2023-11-16 10:39:02 - robotic_arm - INFO: Movel_Cmd:0
2023-11-16 10:39:02 - __main__ - INFO: 第3次向y轴运动2cm：成功，当前位姿为[-0.2527779984474182, 0.03467699846625328, 0.4744560122489929, 2.9070000648498535, 0.27900001406669617, -0.26600000262260437] 
2023-11-16 10:39:04 - robotic_arm - INFO: Movel_Cmd:0
2023-11-16 10:39:04 - __main__ - INFO: 第4次向y轴运动2cm：成功，当前位姿为[-0.2527779984474182, 0.03567699846625328, 0.4744560122489929, 2.9070000648498535, 0.27900001406669617, -0.26600000262260437] 
2023-11-16 10:39:06 - robotic_arm - INFO: Movel_Cmd:0
2023-11-16 10:39:06 - __main__ - INFO: 第5次向y轴运动2cm：成功，当前位姿为[-0.2527779984474182, 0.03867699846625328, 0.4744560122489929, 2.9070000648498535, 0.27900001406669617, -0.26600000262260437] 
2023-11-16 10:39:08 - robotic_arm - INFO: Movel_Cmd:0
2023-11-16 10:39:08 - __main__ - INFO: 第1次向z轴运动2cm：成功，当前位姿为[-0.2527779984474182, 0.03867699846625328, 0.4694560122489929, 2.9070000648498535, 0.27900001406669617, -0.26600000262260437] 
2023-11-16 10:39:10 - robotic_arm - INFO: Movel_Cmd:0
2023-11-16 10:39:10 - __main__ - INFO: 第2次向z轴运动2cm：成功，当前位姿为[-0.2527779984474182, 0.03867699846625328, 0.4664560122489929, 2.9070000648498535, 0.27900001406669617, -0.26600000262260437] 
2023-11-16 10:39:12 - robotic_arm - INFO: Movel_Cmd:0
2023-11-16 10:39:12 - __main__ - INFO: 第3次向z轴运动2cm：成功，当前位姿为[-0.2527779984474182, 0.03867699846625328, 0.4654560122489929, 2.9070000648498535, 0.27900001406669617, -0.26600000262260437] 
2023-11-16 10:39:14 - robotic_arm - INFO: Movel_Cmd:0
2023-11-16 10:39:14 - __main__ - INFO: 第4次向z轴运动2cm：成功，当前位姿为[-0.2527779984474182, 0.03867699846625328, 0.4664560122489929, 2.9070000648498535, 0.27900001406669617, -0.26600000262260437] 
2023-11-16 10:39:16 - robotic_arm - INFO: Movel_Cmd:0
2023-11-16 10:39:16 - __main__ - INFO: 第5次向z轴运动2cm：成功，当前位姿为[-0.2527779984474182, 0.03867699846625328, 0.4694560122489929, 2.9070000648498535, 0.27900001406669617, -0.26600000262260437] 
2023-11-16 10:39:18 - robotic_arm - INFO: Movel_Cmd:0
2023-11-16 10:39:18 - __main__ - INFO: 第1次绕x轴旋转0.002rad：成功，当前位姿为[-0.2527779984474182, 0.03867699846625328, 0.4694560122489929, 2.9020000648498536, 0.27900001406669617, -0.26600000262260437] 
2023-11-16 10:39:20 - robotic_arm - INFO: Movel_Cmd:0
2023-11-16 10:39:20 - __main__ - INFO: 第2次绕x轴旋转0.002rad：成功，当前位姿为[-0.2527779984474182, 0.03867699846625328, 0.4694560122489929, 2.8990000648498535, 0.27900001406669617, -0.26600000262260437] 
2023-11-16 10:39:22 - robotic_arm - INFO: Movel_Cmd:0
2023-11-16 10:39:22 - __main__ - INFO: 第3次绕x轴旋转0.002rad：成功，当前位姿为[-0.2527779984474182, 0.03867699846625328, 0.4694560122489929, 2.8980000648498536, 0.27900001406669617, -0.26600000262260437] 
2023-11-16 10:39:24 - robotic_arm - INFO: Movel_Cmd:0
2023-11-16 10:39:24 - __main__ - INFO: 第4次绕x轴旋转0.002rad：成功，当前位姿为[-0.2527779984474182, 0.03867699846625328, 0.4694560122489929, 2.8990000648498535, 0.27900001406669617, -0.26600000262260437] 
2023-11-16 10:39:26 - robotic_arm - INFO: Movel_Cmd:0
2023-11-16 10:39:26 - __main__ - INFO: 第5次绕x轴旋转0.002rad：成功，当前位姿为[-0.2527779984474182, 0.03867699846625328, 0.4694560122489929, 2.9020000648498536, 0.27900001406669617, -0.26600000262260437] 
2023-11-16 10:40:35 - robotic_arm - INFO: 开始进行机械臂API初始化完毕
2023-11-16 10:40:35 - robotic_arm - INFO: 连接机械臂成功:1160
2023-11-16 10:40:35 - robotic_arm - INFO: 设置机械臂末端参数为初始值
2023-11-16 10:40:35 - robotic_arm - INFO: change_frame:0
2023-11-16 10:40:59 - __main__ - INFO: 获取状态：成功，当前位姿为[-0.2527799904346466, 0.038683000952005386, 0.4694640040397644, 2.9010000228881836, 0.27900001406669617, -0.26600000262260437] 
2023-11-16 10:41:00 - robotic_arm - INFO: Movel_Cmd:0
2023-11-16 10:41:00 - __main__ - INFO: 第1次向x轴运动2cm：成功，当前位姿为[-0.2577799904346466, 0.038683000952005386, 0.4694640040397644, 2.9010000228881836, 0.27900001406669617, -0.26600000262260437] 
2023-11-16 10:41:02 - robotic_arm - INFO: Movel_Cmd:0
2023-11-16 10:41:02 - __main__ - INFO: 第2次向x轴运动2cm：成功，当前位姿为[-0.2607799904346466, 0.038683000952005386, 0.4694640040397644, 2.9010000228881836, 0.27900001406669617, -0.26600000262260437] 
2023-11-16 10:41:04 - robotic_arm - INFO: Movel_Cmd:0
2023-11-16 10:41:04 - __main__ - INFO: 第3次向x轴运动2cm：成功，当前位姿为[-0.2617799904346466, 0.038683000952005386, 0.4694640040397644, 2.9010000228881836, 0.27900001406669617, -0.26600000262260437] 
2023-11-16 10:41:06 - robotic_arm - INFO: Movel_Cmd:0
2023-11-16 10:41:06 - __main__ - INFO: 第4次向x轴运动2cm：成功，当前位姿为[-0.2607799904346466, 0.038683000952005386, 0.4694640040397644, 2.9010000228881836, 0.27900001406669617, -0.26600000262260437] 
2023-11-16 10:41:08 - robotic_arm - INFO: Movel_Cmd:0
2023-11-16 10:41:08 - __main__ - INFO: 第5次向x轴运动2cm：成功，当前位姿为[-0.2577799904346466, 0.038683000952005386, 0.4694640040397644, 2.9010000228881836, 0.27900001406669617, -0.26600000262260437] 
2023-11-16 10:41:10 - robotic_arm - INFO: Movel_Cmd:0
2023-11-16 10:41:10 - __main__ - INFO: 第1次向y轴运动2cm：成功，当前位姿为[-0.2577799904346466, 0.03368300095200539, 0.4694640040397644, 2.9010000228881836, 0.27900001406669617, -0.26600000262260437] 
2023-11-16 10:41:12 - robotic_arm - INFO: Movel_Cmd:0
2023-11-16 10:41:12 - __main__ - INFO: 第2次向y轴运动2cm：成功，当前位姿为[-0.2577799904346466, 0.03068300095200539, 0.4694640040397644, 2.9010000228881836, 0.27900001406669617, -0.26600000262260437] 
2023-11-16 10:41:14 - robotic_arm - INFO: Movel_Cmd:0
2023-11-16 10:41:14 - __main__ - INFO: 第3次向y轴运动2cm：成功，当前位姿为[-0.2577799904346466, 0.02968300095200539, 0.4694640040397644, 2.9010000228881836, 0.27900001406669617, -0.26600000262260437] 
2023-11-16 10:41:17 - robotic_arm - INFO: Movel_Cmd:0
2023-11-16 10:41:17 - __main__ - INFO: 第4次向y轴运动2cm：成功，当前位姿为[-0.2577799904346466, 0.03068300095200539, 0.4694640040397644, 2.9010000228881836, 0.27900001406669617, -0.26600000262260437] 
2023-11-16 10:41:19 - robotic_arm - INFO: Movel_Cmd:0
2023-11-16 10:41:19 - __main__ - INFO: 第5次向y轴运动2cm：成功，当前位姿为[-0.2577799904346466, 0.03368300095200539, 0.4694640040397644, 2.9010000228881836, 0.27900001406669617, -0.26600000262260437] 
2023-11-16 10:41:21 - robotic_arm - INFO: Movel_Cmd:0
2023-11-16 10:41:21 - __main__ - INFO: 第1次向z轴运动2cm：成功，当前位姿为[-0.2577799904346466, 0.03368300095200539, 0.4644640040397644, 2.9010000228881836, 0.27900001406669617, -0.26600000262260437] 
2023-11-16 10:41:23 - robotic_arm - INFO: Movel_Cmd:0
2023-11-16 10:41:23 - __main__ - INFO: 第2次向z轴运动2cm：成功，当前位姿为[-0.2577799904346466, 0.03368300095200539, 0.4614640040397644, 2.9010000228881836, 0.27900001406669617, -0.26600000262260437] 
2023-11-16 10:41:25 - robotic_arm - INFO: Movel_Cmd:0
2023-11-16 10:41:25 - __main__ - INFO: 第3次向z轴运动2cm：成功，当前位姿为[-0.2577799904346466, 0.03368300095200539, 0.4604640040397644, 2.9010000228881836, 0.27900001406669617, -0.26600000262260437] 
2023-11-16 10:41:27 - robotic_arm - INFO: Movel_Cmd:0
2023-11-16 10:41:27 - __main__ - INFO: 第4次向z轴运动2cm：成功，当前位姿为[-0.2577799904346466, 0.03368300095200539, 0.4614640040397644, 2.9010000228881836, 0.27900001406669617, -0.26600000262260437] 
2023-11-16 10:41:29 - robotic_arm - INFO: Movel_Cmd:0
2023-11-16 10:41:29 - __main__ - INFO: 第5次向z轴运动2cm：成功，当前位姿为[-0.2577799904346466, 0.03368300095200539, 0.4644640040397644, 2.9010000228881836, 0.27900001406669617, -0.26600000262260437] 
2023-11-16 10:41:31 - robotic_arm - INFO: Movel_Cmd:0
2023-11-16 10:41:31 - __main__ - INFO: 第1次绕x轴旋转0.002rad：成功，当前位姿为[-0.2577799904346466, 0.03368300095200539, 0.4644640040397644, 2.8960000228881837, 0.27900001406669617, -0.26600000262260437] 
2023-11-16 10:41:33 - robotic_arm - INFO: Movel_Cmd:0
2023-11-16 10:41:33 - __main__ - INFO: 第2次绕x轴旋转0.002rad：成功，当前位姿为[-0.2577799904346466, 0.03368300095200539, 0.4644640040397644, 2.8930000228881836, 0.27900001406669617, -0.26600000262260437] 
2023-11-16 10:41:35 - robotic_arm - INFO: Movel_Cmd:0
2023-11-16 10:41:35 - __main__ - INFO: 第3次绕x轴旋转0.002rad：成功，当前位姿为[-0.2577799904346466, 0.03368300095200539, 0.4644640040397644, 2.8920000228881837, 0.27900001406669617, -0.26600000262260437] 
2023-11-16 10:41:37 - robotic_arm - INFO: Movel_Cmd:0
2023-11-16 10:41:37 - __main__ - INFO: 第4次绕x轴旋转0.002rad：成功，当前位姿为[-0.2577799904346466, 0.03368300095200539, 0.4644640040397644, 2.8930000228881836, 0.27900001406669617, -0.26600000262260437] 
2023-11-16 10:41:39 - robotic_arm - INFO: Movel_Cmd:0
2023-11-16 10:41:39 - __main__ - INFO: 第5次绕x轴旋转0.002rad：成功，当前位姿为[-0.2577799904346466, 0.03368300095200539, 0.4644640040397644, 2.8960000228881837, 0.27900001406669617, -0.26600000262260437] 
2023-11-16 10:41:50 - __main__ - INFO: 手眼标定完成,旋转矩阵为[[ 0.53246294  0.84587407 -0.03130944]
 [-0.84635511  0.53260027 -0.00447061]
 [ 0.01289384  0.02887934  0.99949974]],平移矩阵为[[ 6.59608118e+12]
 [-1.30776599e-01]
 [-1.87134910e-02]]
2023-11-16 10:43:25 - robotic_arm - INFO: 开始进行机械臂API初始化完毕
2023-11-16 10:43:26 - robotic_arm - INFO: 连接机械臂成功:1152
2023-11-16 10:43:26 - robotic_arm - INFO: 设置机械臂末端参数为初始值
2023-11-16 10:43:26 - robotic_arm - INFO: change_frame:0
2023-11-16 10:44:10 - __main__ - INFO: 获取状态：成功，当前位姿为[-0.2738789916038513, 0.036639999598264694, 0.4704340100288391, 2.875999927520752, 0.39500001072883606, -0.296999990940094] 
2023-11-16 10:44:11 - robotic_arm - INFO: Movel_Cmd:0
2023-11-16 10:44:11 - __main__ - INFO: 第1次向x轴运动2cm：成功，当前位姿为[-0.2788789916038513, 0.036639999598264694, 0.4704340100288391, 2.875999927520752, 0.39500001072883606, -0.296999990940094] 
2023-11-16 10:44:13 - robotic_arm - INFO: Movel_Cmd:0
2023-11-16 10:44:13 - __main__ - INFO: 第2次向x轴运动2cm：成功，当前位姿为[-0.2818789916038513, 0.036639999598264694, 0.4704340100288391, 2.875999927520752, 0.39500001072883606, -0.296999990940094] 
2023-11-16 10:44:15 - robotic_arm - INFO: Movel_Cmd:0
2023-11-16 10:44:15 - __main__ - INFO: 第3次向x轴运动2cm：成功，当前位姿为[-0.2828789916038513, 0.036639999598264694, 0.4704340100288391, 2.875999927520752, 0.39500001072883606, -0.296999990940094] 
2023-11-16 10:44:17 - robotic_arm - INFO: Movel_Cmd:0
2023-11-16 10:44:17 - __main__ - INFO: 第4次向x轴运动2cm：成功，当前位姿为[-0.2818789916038513, 0.036639999598264694, 0.4704340100288391, 2.875999927520752, 0.39500001072883606, -0.296999990940094] 
2023-11-16 10:44:20 - robotic_arm - INFO: Movel_Cmd:0
2023-11-16 10:44:20 - __main__ - INFO: 第5次向x轴运动2cm：成功，当前位姿为[-0.2788789916038513, 0.036639999598264694, 0.4704340100288391, 2.875999927520752, 0.39500001072883606, -0.296999990940094] 
2023-11-16 10:44:22 - robotic_arm - INFO: Movel_Cmd:0
2023-11-16 10:44:22 - __main__ - INFO: 第1次向y轴运动2cm：成功，当前位姿为[-0.2788789916038513, 0.0316399995982647, 0.4704340100288391, 2.875999927520752, 0.39500001072883606, -0.296999990940094] 
2023-11-16 10:44:24 - robotic_arm - INFO: Movel_Cmd:0
2023-11-16 10:44:24 - __main__ - INFO: 第2次向y轴运动2cm：成功，当前位姿为[-0.2788789916038513, 0.028639999598264698, 0.4704340100288391, 2.875999927520752, 0.39500001072883606, -0.296999990940094] 
2023-11-16 10:44:26 - robotic_arm - INFO: Movel_Cmd:0
2023-11-16 10:44:26 - __main__ - INFO: 第3次向y轴运动2cm：成功，当前位姿为[-0.2788789916038513, 0.027639999598264697, 0.4704340100288391, 2.875999927520752, 0.39500001072883606, -0.296999990940094] 
2023-11-16 10:44:28 - robotic_arm - INFO: Movel_Cmd:0
2023-11-16 10:44:28 - __main__ - INFO: 第4次向y轴运动2cm：成功，当前位姿为[-0.2788789916038513, 0.028639999598264698, 0.4704340100288391, 2.875999927520752, 0.39500001072883606, -0.296999990940094] 
2023-11-16 10:44:30 - robotic_arm - INFO: Movel_Cmd:0
2023-11-16 10:44:30 - __main__ - INFO: 第5次向y轴运动2cm：成功，当前位姿为[-0.2788789916038513, 0.0316399995982647, 0.4704340100288391, 2.875999927520752, 0.39500001072883606, -0.296999990940094] 
2023-11-16 10:44:32 - robotic_arm - INFO: Movel_Cmd:0
2023-11-16 10:44:32 - __main__ - INFO: 第1次向z轴运动2cm：成功，当前位姿为[-0.2788789916038513, 0.0316399995982647, 0.4654340100288391, 2.875999927520752, 0.39500001072883606, -0.296999990940094] 
2023-11-16 10:44:34 - robotic_arm - INFO: Movel_Cmd:0
2023-11-16 10:44:34 - __main__ - INFO: 第2次向z轴运动2cm：成功，当前位姿为[-0.2788789916038513, 0.0316399995982647, 0.4624340100288391, 2.875999927520752, 0.39500001072883606, -0.296999990940094] 
2023-11-16 10:44:36 - robotic_arm - INFO: Movel_Cmd:0
2023-11-16 10:44:36 - __main__ - INFO: 第3次向z轴运动2cm：成功，当前位姿为[-0.2788789916038513, 0.0316399995982647, 0.4614340100288391, 2.875999927520752, 0.39500001072883606, -0.296999990940094] 
2023-11-16 10:44:38 - robotic_arm - INFO: Movel_Cmd:0
2023-11-16 10:44:38 - __main__ - INFO: 第4次向z轴运动2cm：成功，当前位姿为[-0.2788789916038513, 0.0316399995982647, 0.4624340100288391, 2.875999927520752, 0.39500001072883606, -0.296999990940094] 
2023-11-16 10:44:40 - robotic_arm - INFO: Movel_Cmd:0
2023-11-16 10:44:40 - __main__ - INFO: 第5次向z轴运动2cm：成功，当前位姿为[-0.2788789916038513, 0.0316399995982647, 0.4654340100288391, 2.875999927520752, 0.39500001072883606, -0.296999990940094] 
2023-11-16 10:44:42 - robotic_arm - INFO: Movel_Cmd:0
2023-11-16 10:44:42 - __main__ - INFO: 第1次绕x轴旋转0.002rad：成功，当前位姿为[-0.2788789916038513, 0.0316399995982647, 0.4654340100288391, 2.870999927520752, 0.39500001072883606, -0.296999990940094] 
2023-11-16 10:44:44 - robotic_arm - INFO: Movel_Cmd:0
2023-11-16 10:44:44 - __main__ - INFO: 第2次绕x轴旋转0.002rad：成功，当前位姿为[-0.2788789916038513, 0.0316399995982647, 0.4654340100288391, 2.867999927520752, 0.39500001072883606, -0.296999990940094] 
2023-11-16 10:44:46 - robotic_arm - INFO: Movel_Cmd:0
2023-11-16 10:44:46 - __main__ - INFO: 第3次绕x轴旋转0.002rad：成功，当前位姿为[-0.2788789916038513, 0.0316399995982647, 0.4654340100288391, 2.866999927520752, 0.39500001072883606, -0.296999990940094] 
2023-11-16 10:44:49 - robotic_arm - INFO: Movel_Cmd:0
2023-11-16 10:44:49 - __main__ - INFO: 第4次绕x轴旋转0.002rad：成功，当前位姿为[-0.2788789916038513, 0.0316399995982647, 0.4654340100288391, 2.867999927520752, 0.39500001072883606, -0.296999990940094] 
2023-11-16 10:44:51 - robotic_arm - INFO: Movel_Cmd:0
2023-11-16 10:44:51 - __main__ - INFO: 第5次绕x轴旋转0.002rad：成功，当前位姿为[-0.2788789916038513, 0.0316399995982647, 0.4654340100288391, 2.870999927520752, 0.39500001072883606, -0.296999990940094] 
2023-11-16 10:44:56 - __main__ - INFO: 手眼标定完成,旋转矩阵为[[ 0.56825419  0.82253428 -0.02290283]
 [-0.82283723  0.5678504  -0.02201859]
 [-0.00510566  0.03135746  0.99949519]],平移矩阵为[[ 1.26822448e+12]
 [-1.16780267e-01]
 [-3.73855518e-03]]
2023-11-16 10:47:57 - robotic_arm - INFO: 开始进行机械臂API初始化完毕
2023-11-16 10:47:57 - robotic_arm - INFO: 连接机械臂成功:1152
2023-11-16 10:47:57 - robotic_arm - INFO: 设置机械臂末端参数为初始值
2023-11-16 10:47:58 - robotic_arm - INFO: change_frame:0
2023-11-16 10:49:00 - robotic_arm - INFO: 开始进行机械臂API初始化完毕
2023-11-16 10:49:00 - robotic_arm - INFO: 连接机械臂成功:1152
2023-11-16 10:49:00 - robotic_arm - INFO: 设置机械臂末端参数为初始值
2023-11-16 10:49:00 - robotic_arm - INFO: change_frame:0
2023-11-16 10:57:13 - robotic_arm - INFO: 开始进行机械臂API初始化完毕
2023-11-16 10:57:14 - robotic_arm - INFO: 连接机械臂成功:1152
2023-11-16 10:57:14 - robotic_arm - INFO: 设置机械臂末端参数为初始值
2023-11-16 10:57:14 - robotic_arm - INFO: change_frame:0
2023-11-16 10:57:24 - __main__ - INFO: 获取状态：成功，当前位姿为[-0.2788830101490021, 0.03163300082087517, 0.4654259979724884, 2.869999885559082, 0.39399999380111694, -0.29600000381469727] 
2023-11-16 10:57:25 - robotic_arm - INFO: Movel_Cmd:0
2023-11-16 10:57:25 - __main__ - INFO: 第1次向x轴运动2cm：成功，当前位姿为[-0.2838830101490021, 0.03163300082087517, 0.4654259979724884, 2.869999885559082, 0.39399999380111694, -0.29600000381469727] 
2023-11-16 10:57:27 - robotic_arm - INFO: Movel_Cmd:0
2023-11-16 10:57:27 - __main__ - INFO: 第2次向x轴运动2cm：成功，当前位姿为[-0.2868830101490021, 0.03163300082087517, 0.4654259979724884, 2.869999885559082, 0.39399999380111694, -0.29600000381469727] 
2023-11-16 10:57:29 - robotic_arm - INFO: Movel_Cmd:0
2023-11-16 10:57:29 - __main__ - INFO: 第3次向x轴运动2cm：成功，当前位姿为[-0.2878830101490021, 0.03163300082087517, 0.4654259979724884, 2.869999885559082, 0.39399999380111694, -0.29600000381469727] 
2023-11-16 10:57:31 - robotic_arm - INFO: Movel_Cmd:0
2023-11-16 10:57:31 - __main__ - INFO: 第4次向x轴运动2cm：成功，当前位姿为[-0.2868830101490021, 0.03163300082087517, 0.4654259979724884, 2.869999885559082, 0.39399999380111694, -0.29600000381469727] 
2023-11-16 10:57:33 - robotic_arm - INFO: Movel_Cmd:0
2023-11-16 10:57:33 - __main__ - INFO: 第5次向x轴运动2cm：成功，当前位姿为[-0.2838830101490021, 0.03163300082087517, 0.4654259979724884, 2.869999885559082, 0.39399999380111694, -0.29600000381469727] 
2023-11-16 10:57:35 - robotic_arm - INFO: Movel_Cmd:0
2023-11-16 10:57:35 - __main__ - INFO: 第1次向y轴运动2cm：成功，当前位姿为[-0.2838830101490021, 0.026633000820875167, 0.4654259979724884, 2.869999885559082, 0.39399999380111694, -0.29600000381469727] 
2023-11-16 10:57:37 - robotic_arm - INFO: Movel_Cmd:0
2023-11-16 10:57:37 - __main__ - INFO: 第2次向y轴运动2cm：成功，当前位姿为[-0.2838830101490021, 0.023633000820875168, 0.4654259979724884, 2.869999885559082, 0.39399999380111694, -0.29600000381469727] 
2023-11-16 10:57:39 - robotic_arm - INFO: Movel_Cmd:0
2023-11-16 10:57:39 - __main__ - INFO: 第3次向y轴运动2cm：成功，当前位姿为[-0.2838830101490021, 0.022633000820875167, 0.4654259979724884, 2.869999885559082, 0.39399999380111694, -0.29600000381469727] 
2023-11-16 10:57:41 - robotic_arm - INFO: Movel_Cmd:0
2023-11-16 10:57:41 - __main__ - INFO: 第4次向y轴运动2cm：成功，当前位姿为[-0.2838830101490021, 0.023633000820875168, 0.4654259979724884, 2.869999885559082, 0.39399999380111694, -0.29600000381469727] 
2023-11-16 10:57:43 - robotic_arm - INFO: Movel_Cmd:0
2023-11-16 10:57:43 - __main__ - INFO: 第5次向y轴运动2cm：成功，当前位姿为[-0.2838830101490021, 0.026633000820875167, 0.4654259979724884, 2.869999885559082, 0.39399999380111694, -0.29600000381469727] 
2023-11-16 10:57:45 - robotic_arm - INFO: Movel_Cmd:0
2023-11-16 10:57:45 - __main__ - INFO: 第1次向z轴运动2cm：成功，当前位姿为[-0.2838830101490021, 0.026633000820875167, 0.4604259979724884, 2.869999885559082, 0.39399999380111694, -0.29600000381469727] 
2023-11-16 10:57:47 - robotic_arm - INFO: Movel_Cmd:0
2023-11-16 10:57:47 - __main__ - INFO: 第2次向z轴运动2cm：成功，当前位姿为[-0.2838830101490021, 0.026633000820875167, 0.4574259979724884, 2.869999885559082, 0.39399999380111694, -0.29600000381469727] 
2023-11-16 10:57:49 - robotic_arm - INFO: Movel_Cmd:0
2023-11-16 10:57:49 - __main__ - INFO: 第3次向z轴运动2cm：成功，当前位姿为[-0.2838830101490021, 0.026633000820875167, 0.4564259979724884, 2.869999885559082, 0.39399999380111694, -0.29600000381469727] 
2023-11-16 10:57:51 - robotic_arm - INFO: Movel_Cmd:0
2023-11-16 10:57:51 - __main__ - INFO: 第4次向z轴运动2cm：成功，当前位姿为[-0.2838830101490021, 0.026633000820875167, 0.4574259979724884, 2.869999885559082, 0.39399999380111694, -0.29600000381469727] 
2023-11-16 10:57:54 - robotic_arm - INFO: Movel_Cmd:0
2023-11-16 10:57:54 - __main__ - INFO: 第5次向z轴运动2cm：成功，当前位姿为[-0.2838830101490021, 0.026633000820875167, 0.4604259979724884, 2.869999885559082, 0.39399999380111694, -0.29600000381469727] 
2023-11-16 10:57:56 - robotic_arm - INFO: Movel_Cmd:0
2023-11-16 10:57:56 - __main__ - INFO: 第1次绕x轴旋转0.002rad：成功，当前位姿为[-0.2838830101490021, 0.026633000820875167, 0.4604259979724884, 2.864999885559082, 0.39399999380111694, -0.29600000381469727] 
2023-11-16 10:57:58 - robotic_arm - INFO: Movel_Cmd:0
2023-11-16 10:57:58 - __main__ - INFO: 第2次绕x轴旋转0.002rad：成功，当前位姿为[-0.2838830101490021, 0.026633000820875167, 0.4604259979724884, 2.861999885559082, 0.39399999380111694, -0.29600000381469727] 
2023-11-16 10:58:00 - robotic_arm - INFO: Movel_Cmd:0
2023-11-16 10:58:00 - __main__ - INFO: 第3次绕x轴旋转0.002rad：成功，当前位姿为[-0.2838830101490021, 0.026633000820875167, 0.4604259979724884, 2.860999885559082, 0.39399999380111694, -0.29600000381469727] 
2023-11-16 10:58:02 - robotic_arm - INFO: Movel_Cmd:0
2023-11-16 10:58:02 - __main__ - INFO: 第4次绕x轴旋转0.002rad：成功，当前位姿为[-0.2838830101490021, 0.026633000820875167, 0.4604259979724884, 2.861999885559082, 0.39399999380111694, -0.29600000381469727] 
2023-11-16 10:58:04 - robotic_arm - INFO: Movel_Cmd:0
2023-11-16 10:58:04 - __main__ - INFO: 第5次绕x轴旋转0.002rad：成功，当前位姿为[-0.2838830101490021, 0.026633000820875167, 0.4604259979724884, 2.864999885559082, 0.39399999380111694, -0.29600000381469727] 
2023-11-16 10:58:08 - __main__ - INFO: 手眼标定完成,旋转矩阵为[[ 0.51088906  0.85956705 -0.01169886]
 [-0.8532101   0.50867907  0.11523075]
 [ 0.10499952 -0.04888854  0.99326986]],平移矩阵为[[ 7.48156030e+12]
 [-2.72699265e-02]
 [ 9.27007458e-02]]
