2023-11-14 09:30:04 - robotic_arm - INFO: 开始进行机械臂API初始化完毕
2023-11-14 09:30:05 - robotic_arm - INFO: 连接机械臂成功:1680
2023-11-14 09:30:05 - robotic_arm - INFO: 设置机械臂末端参数为初始值
2023-11-14 09:30:05 - robotic_arm - INFO: change_frame:0
2023-11-14 09:59:32 - robotic_arm - INFO: 开始进行机械臂API初始化完毕
2023-11-14 09:59:33 - robotic_arm - INFO: 连接机械臂成功:1820
2023-11-14 09:59:33 - robotic_arm - INFO: 设置机械臂末端参数为初始值
2023-11-14 09:59:33 - robotic_arm - INFO: change_frame:0
2023-11-14 10:04:22 - robotic_arm - INFO: 开始进行机械臂API初始化完毕
2023-11-14 10:04:22 - robotic_arm - INFO: 连接机械臂成功:1216
2023-11-14 10:04:22 - robotic_arm - INFO: 设置机械臂末端参数为初始值
2023-11-14 10:04:23 - robotic_arm - INFO: change_frame:0
2023-11-14 10:04:30 - __main__ - INFO: 获取状态：成功，当前位姿为[-0.3775089979171753, -0.15069499611854553, 0.3012860119342804, 3.121999979019165, 0.10700000077486038, 0.2370000034570694] 
2023-11-14 10:04:31 - robotic_arm - INFO: Movel_Cmd:0
2023-11-14 10:04:31 - __main__ - INFO: 第1次向x轴运动2cm：成功，当前位姿为[-0.3825089979171753, -0.15069499611854553, 0.3012860119342804, 3.121999979019165, 0.10700000077486038, 0.2370000034570694] 
2023-11-14 10:04:32 - robotic_arm - INFO: Movel_Cmd:0
2023-11-14 10:04:32 - __main__ - INFO: 第2次向x轴运动2cm：成功，当前位姿为[-0.3855089979171753, -0.15069499611854553, 0.3012860119342804, 3.121999979019165, 0.10700000077486038, 0.2370000034570694] 
2023-11-14 10:04:33 - robotic_arm - INFO: Movel_Cmd:0
2023-11-14 10:04:33 - __main__ - INFO: 第3次向x轴运动2cm：成功，当前位姿为[-0.3865089979171753, -0.15069499611854553, 0.3012860119342804, 3.121999979019165, 0.10700000077486038, 0.2370000034570694] 
2023-11-14 10:04:34 - robotic_arm - INFO: Movel_Cmd:0
2023-11-14 10:04:34 - __main__ - INFO: 第4次向x轴运动2cm：成功，当前位姿为[-0.3855089979171753, -0.15069499611854553, 0.3012860119342804, 3.121999979019165, 0.10700000077486038, 0.2370000034570694] 
2023-11-14 10:04:35 - robotic_arm - INFO: Movel_Cmd:0
2023-11-14 10:04:35 - __main__ - INFO: 第5次向x轴运动2cm：成功，当前位姿为[-0.3825089979171753, -0.15069499611854553, 0.3012860119342804, 3.121999979019165, 0.10700000077486038, 0.2370000034570694] 
2023-11-14 10:04:37 - robotic_arm - INFO: Movel_Cmd:0
2023-11-14 10:04:37 - __main__ - INFO: 第1次向y轴运动2cm：成功，当前位姿为[-0.3825089979171753, -0.15569499611854554, 0.3012860119342804, 3.121999979019165, 0.10700000077486038, 0.2370000034570694] 
2023-11-14 10:04:38 - robotic_arm - INFO: Movel_Cmd:0
2023-11-14 10:04:38 - __main__ - INFO: 第2次向y轴运动2cm：成功，当前位姿为[-0.3825089979171753, -0.15869499611854554, 0.3012860119342804, 3.121999979019165, 0.10700000077486038, 0.2370000034570694] 
2023-11-14 10:04:39 - robotic_arm - INFO: Movel_Cmd:0
2023-11-14 10:04:39 - __main__ - INFO: 第3次向y轴运动2cm：成功，当前位姿为[-0.3825089979171753, -0.15969499611854554, 0.3012860119342804, 3.121999979019165, 0.10700000077486038, 0.2370000034570694] 
2023-11-14 10:04:40 - robotic_arm - INFO: Movel_Cmd:0
2023-11-14 10:04:40 - __main__ - INFO: 第4次向y轴运动2cm：成功，当前位姿为[-0.3825089979171753, -0.15869499611854554, 0.3012860119342804, 3.121999979019165, 0.10700000077486038, 0.2370000034570694] 
2023-11-14 10:04:41 - robotic_arm - INFO: Movel_Cmd:0
2023-11-14 10:04:41 - __main__ - INFO: 第5次向y轴运动2cm：成功，当前位姿为[-0.3825089979171753, -0.15569499611854554, 0.3012860119342804, 3.121999979019165, 0.10700000077486038, 0.2370000034570694] 
2023-11-14 10:04:53 - robotic_arm - INFO: 开始进行机械臂API初始化完毕
2023-11-14 10:04:54 - robotic_arm - INFO: 连接机械臂成功:1884
2023-11-14 10:04:54 - robotic_arm - INFO: 设置机械臂末端参数为初始值
2023-11-14 10:04:54 - robotic_arm - INFO: change_frame:0
2023-11-14 10:07:31 - robotic_arm - INFO: 开始进行机械臂API初始化完毕
2023-11-14 10:07:31 - robotic_arm - INFO: 连接机械臂成功:1196
2023-11-14 10:07:31 - robotic_arm - INFO: 设置机械臂末端参数为初始值
2023-11-14 10:07:32 - robotic_arm - INFO: change_frame:0
2023-11-14 10:07:36 - __main__ - INFO: 获取状态：成功，当前位姿为[-0.382515013217926, -0.15567800402641296, 0.301272988319397, 3.121000051498413, 0.10599999874830246, 0.23600000143051147] 
2023-11-14 10:07:37 - robotic_arm - INFO: Movel_Cmd:0
2023-11-14 10:07:37 - __main__ - INFO: 第1次向x轴运动2cm：成功，当前位姿为[-0.38751501321792603, -0.15567800402641296, 0.301272988319397, 3.121000051498413, 0.10599999874830246, 0.23600000143051147] 
2023-11-14 10:08:10 - robotic_arm - INFO: 开始进行机械臂API初始化完毕
2023-11-14 10:08:10 - robotic_arm - INFO: 连接机械臂成功:1820
2023-11-14 10:08:11 - robotic_arm - INFO: 设置机械臂末端参数为初始值
2023-11-14 10:08:11 - robotic_arm - INFO: change_frame:0
2023-11-14 10:08:15 - __main__ - INFO: 获取状态：成功，当前位姿为[-0.3875170052051544, -0.15568900108337402, 0.3012630045413971, 3.119999885559082, 0.10599999874830246, 0.23600000143051147] 
2023-11-14 10:08:16 - robotic_arm - INFO: Movel_Cmd:0
2023-11-14 10:08:16 - __main__ - INFO: 第1次向x轴运动2cm：成功，当前位姿为[-0.3925170052051544, -0.15568900108337402, 0.3012630045413971, 3.119999885559082, 0.10599999874830246, 0.23600000143051147] 
2023-11-14 10:14:59 - robotic_arm - INFO: 开始进行机械臂API初始化完毕
2023-11-14 10:14:59 - robotic_arm - INFO: 连接机械臂成功:1156
2023-11-14 10:14:59 - robotic_arm - INFO: 设置机械臂末端参数为初始值
2023-11-14 10:14:59 - robotic_arm - INFO: change_frame:0
2023-11-14 10:15:05 - __main__ - INFO: 获取状态：成功，当前位姿为[-0.3925279974937439, -0.15567399561405182, 0.30125001072883606, 3.121000051498413, 0.10599999874830246, 0.23600000143051147] 
2023-11-14 10:15:06 - robotic_arm - INFO: Movel_Cmd:0
2023-11-14 10:15:06 - __main__ - INFO: 第1次向x轴运动2cm：成功，当前位姿为[-0.3975279974937439, -0.15567399561405182, 0.30125001072883606, 3.121000051498413, 0.10599999874830246, 0.23600000143051147] 
2023-11-14 10:15:07 - robotic_arm - INFO: Movel_Cmd:0
2023-11-14 10:15:07 - __main__ - INFO: 第1次向x轴运动2cm：成功，当前位姿为[-0.4005279974937439, -0.15567399561405182, 0.30125001072883606, 3.121000051498413, 0.10599999874830246, 0.23600000143051147] 
2023-11-14 10:15:08 - robotic_arm - INFO: Movel_Cmd:0
2023-11-14 10:15:08 - __main__ - INFO: 第1次向x轴运动2cm：成功，当前位姿为[-0.4015279974937439, -0.15567399561405182, 0.30125001072883606, 3.121000051498413, 0.10599999874830246, 0.23600000143051147] 
2023-11-14 10:15:09 - robotic_arm - INFO: Movel_Cmd:0
2023-11-14 10:15:09 - __main__ - INFO: 第1次向x轴运动2cm：成功，当前位姿为[-0.4005279974937439, -0.15567399561405182, 0.30125001072883606, 3.121000051498413, 0.10599999874830246, 0.23600000143051147] 
2023-11-14 10:15:10 - robotic_arm - INFO: Movel_Cmd:0
2023-11-14 10:15:10 - __main__ - INFO: 第1次向x轴运动2cm：成功，当前位姿为[-0.3975279974937439, -0.15567399561405182, 0.30125001072883606, 3.121000051498413, 0.10599999874830246, 0.23600000143051147] 
2023-11-14 10:15:11 - robotic_arm - INFO: Movel_Cmd:0
2023-11-14 10:15:11 - __main__ - INFO: 第1次向y轴运动2cm：成功，当前位姿为[-0.3975279974937439, -0.16067399561405182, 0.30125001072883606, 3.121000051498413, 0.10599999874830246, 0.23600000143051147] 
2023-11-14 10:15:12 - robotic_arm - INFO: Movel_Cmd:0
2023-11-14 10:15:12 - __main__ - INFO: 第2次向y轴运动2cm：成功，当前位姿为[-0.3975279974937439, -0.16367399561405183, 0.30125001072883606, 3.121000051498413, 0.10599999874830246, 0.23600000143051147] 
2023-11-14 10:15:13 - robotic_arm - INFO: Movel_Cmd:0
2023-11-14 10:15:13 - __main__ - INFO: 第3次向y轴运动2cm：成功，当前位姿为[-0.3975279974937439, -0.16467399561405183, 0.30125001072883606, 3.121000051498413, 0.10599999874830246, 0.23600000143051147] 
2023-11-14 10:15:14 - robotic_arm - INFO: Movel_Cmd:0
2023-11-14 10:15:14 - __main__ - INFO: 第4次向y轴运动2cm：成功，当前位姿为[-0.3975279974937439, -0.16367399561405183, 0.30125001072883606, 3.121000051498413, 0.10599999874830246, 0.23600000143051147] 
2023-11-14 10:15:15 - robotic_arm - INFO: Movel_Cmd:0
2023-11-14 10:15:15 - __main__ - INFO: 第5次向y轴运动2cm：成功，当前位姿为[-0.3975279974937439, -0.16067399561405182, 0.30125001072883606, 3.121000051498413, 0.10599999874830246, 0.23600000143051147] 
2023-11-14 10:17:36 - robotic_arm - INFO: 开始进行机械臂API初始化完毕
2023-11-14 10:17:36 - robotic_arm - INFO: 连接机械臂成功:1728
2023-11-14 10:17:36 - robotic_arm - INFO: 设置机械臂末端参数为初始值
2023-11-14 10:17:36 - robotic_arm - INFO: change_frame:0
2023-11-14 10:27:04 - robotic_arm - INFO: 开始进行机械臂API初始化完毕
2023-11-14 10:27:04 - robotic_arm - INFO: 连接机械臂成功:1148
2023-11-14 10:27:04 - robotic_arm - INFO: 设置机械臂末端参数为初始值
2023-11-14 10:27:04 - robotic_arm - INFO: change_frame:0
2023-11-14 10:27:10 - __main__ - INFO: 获取状态：成功，当前位姿为[-0.3975369930267334, -0.16065700352191925, 0.30122900009155273, 3.121000051498413, 0.10599999874830246, 0.23600000143051147] 
2023-11-14 10:27:12 - robotic_arm - INFO: Movel_Cmd:0
2023-11-14 10:27:12 - __main__ - INFO: 第1次向x轴运动2cm：成功，当前位姿为[-0.4025369930267334, -0.16065700352191925, 0.30122900009155273, 3.121000051498413, 0.10599999874830246, 0.23600000143051147] 
2023-11-14 10:27:13 - robotic_arm - INFO: Movel_Cmd:1
2023-11-14 10:27:13 - __main__ - INFO: 第2次向x轴运动2cm：失败，None 
2023-11-14 10:27:13 - __main__ - WARNING: 机器人x方向移动失败：1
2023-11-14 10:28:01 - robotic_arm - INFO: 开始进行机械臂API初始化完毕
2023-11-14 10:28:01 - robotic_arm - INFO: 连接机械臂成功:1148
2023-11-14 10:28:01 - robotic_arm - INFO: 设置机械臂末端参数为初始值
2023-11-14 10:28:01 - robotic_arm - INFO: change_frame:0
2023-11-14 10:28:08 - __main__ - INFO: 获取状态：成功，当前位姿为[-0.27752599120140076, -0.1470929980278015, 0.464383989572525, 3.1070001125335693, 0.1940000057220459, 0.3440000116825104] 
2023-11-14 10:28:10 - robotic_arm - INFO: Movel_Cmd:1
2023-11-14 10:28:10 - __main__ - INFO: 第1次向x轴运动2cm：失败，None 
2023-11-14 10:28:10 - __main__ - WARNING: 机器人x方向移动失败：1
2023-11-14 10:32:49 - robotic_arm - INFO: 开始进行机械臂API初始化完毕
2023-11-14 10:32:49 - robotic_arm - INFO: 连接机械臂成功:1200
2023-11-14 10:32:49 - robotic_arm - INFO: 设置机械臂末端参数为初始值
2023-11-14 10:32:49 - robotic_arm - INFO: change_frame:0
2023-11-14 10:32:55 - __main__ - INFO: 获取状态：成功，当前位姿为[-0.2949709892272949, -0.12006299942731857, 0.4032500088214874, 3.0350000858306885, 0.32100000977516174, 0.20999999344348907] 
2023-11-14 10:32:56 - __main__ - INFO: 第1次向x轴运动2cm：成功，当前位姿为[-0.2999709892272949, -0.12006299942731857, 0.4032500088214874, 3.0350000858306885, 0.32100000977516174, 0.20999999344348907] 
2023-11-14 10:32:57 - __main__ - INFO: 第2次向x轴运动2cm：成功，当前位姿为[-0.30297098922729493, -0.12006299942731857, 0.4032500088214874, 3.0350000858306885, 0.32100000977516174, 0.20999999344348907] 
2023-11-14 10:32:58 - __main__ - INFO: 第3次向x轴运动2cm：成功，当前位姿为[-0.30397098922729493, -0.12006299942731857, 0.4032500088214874, 3.0350000858306885, 0.32100000977516174, 0.20999999344348907] 
2023-11-14 10:32:59 - __main__ - INFO: 第4次向x轴运动2cm：成功，当前位姿为[-0.30297098922729493, -0.12006299942731857, 0.4032500088214874, 3.0350000858306885, 0.32100000977516174, 0.20999999344348907] 
2023-11-14 10:33:00 - __main__ - INFO: 第5次向x轴运动2cm：成功，当前位姿为[-0.2999709892272949, -0.12006299942731857, 0.4032500088214874, 3.0350000858306885, 0.32100000977516174, 0.20999999344348907] 
2023-11-14 10:33:22 - robotic_arm - INFO: 开始进行机械臂API初始化完毕
2023-11-14 10:33:23 - robotic_arm - INFO: 连接机械臂成功:1148
2023-11-14 10:33:23 - robotic_arm - INFO: 设置机械臂末端参数为初始值
2023-11-14 10:33:23 - robotic_arm - INFO: change_frame:0
2023-11-14 10:33:28 - __main__ - INFO: 获取状态：成功，当前位姿为[-0.2949639856815338, -0.12005600333213806, 0.4032509922981262, 3.0350000858306885, 0.32100000977516174, 0.20999999344348907] 
2023-11-14 10:33:29 - __main__ - INFO: 第1次向x轴运动2cm：成功，当前位姿为[-0.2999639856815338, -0.12005600333213806, 0.4032509922981262, 3.0350000858306885, 0.32100000977516174, 0.20999999344348907] 
2023-11-14 10:33:30 - __main__ - INFO: 第2次向x轴运动2cm：成功，当前位姿为[-0.3029639856815338, -0.12005600333213806, 0.4032509922981262, 3.0350000858306885, 0.32100000977516174, 0.20999999344348907] 
2023-11-14 10:33:31 - __main__ - INFO: 第3次向x轴运动2cm：成功，当前位姿为[-0.3039639856815338, -0.12005600333213806, 0.4032509922981262, 3.0350000858306885, 0.32100000977516174, 0.20999999344348907] 
2023-11-14 10:33:32 - __main__ - INFO: 第4次向x轴运动2cm：成功，当前位姿为[-0.3029639856815338, -0.12005600333213806, 0.4032509922981262, 3.0350000858306885, 0.32100000977516174, 0.20999999344348907] 
2023-11-14 10:33:33 - __main__ - INFO: 第5次向x轴运动2cm：成功，当前位姿为[-0.2999639856815338, -0.12005600333213806, 0.4032509922981262, 3.0350000858306885, 0.32100000977516174, 0.20999999344348907] 
2023-11-14 10:34:34 - robotic_arm - INFO: 开始进行机械臂API初始化完毕
2023-11-14 10:34:34 - robotic_arm - INFO: 连接机械臂成功:1148
2023-11-14 10:34:34 - robotic_arm - INFO: 设置机械臂末端参数为初始值
2023-11-14 10:34:34 - robotic_arm - INFO: change_frame:0
2023-11-14 10:34:39 - __main__ - INFO: 获取状态：成功，当前位姿为[-0.29496100544929504, -0.12007199972867966, 0.40324699878692627, 3.0350000858306885, 0.32100000977516174, 0.20999999344348907] 
2023-11-14 10:34:40 - __main__ - INFO: 第1次向x轴运动2cm：成功，当前位姿为[-0.29996100544929505, -0.12007199972867966, 0.40324699878692627, 3.0350000858306885, 0.32100000977516174, 0.20999999344348907] 
2023-11-14 10:34:41 - __main__ - INFO: 第2次向x轴运动2cm：成功，当前位姿为[-0.30296100544929505, -0.12007199972867966, 0.40324699878692627, 3.0350000858306885, 0.32100000977516174, 0.20999999344348907] 
2023-11-14 10:34:42 - __main__ - INFO: 第3次向x轴运动2cm：成功，当前位姿为[-0.30396100544929505, -0.12007199972867966, 0.40324699878692627, 3.0350000858306885, 0.32100000977516174, 0.20999999344348907] 
2023-11-14 10:34:43 - __main__ - INFO: 第4次向x轴运动2cm：成功，当前位姿为[-0.30296100544929505, -0.12007199972867966, 0.40324699878692627, 3.0350000858306885, 0.32100000977516174, 0.20999999344348907] 
2023-11-14 10:34:44 - __main__ - INFO: 第5次向x轴运动2cm：成功，当前位姿为[-0.29996100544929505, -0.12007199972867966, 0.40324699878692627, 3.0350000858306885, 0.32100000977516174, 0.20999999344348907] 
2023-11-14 10:36:04 - robotic_arm - INFO: 开始进行机械臂API初始化完毕
2023-11-14 10:36:04 - robotic_arm - INFO: 连接机械臂成功:1156
2023-11-14 10:36:04 - robotic_arm - INFO: 设置机械臂末端参数为初始值
2023-11-14 10:36:04 - robotic_arm - INFO: change_frame:0
2023-11-14 10:36:10 - __main__ - INFO: 获取状态：成功，当前位姿为[-0.29495900869369507, -0.12007500231266022, 0.40324801206588745, 3.0350000858306885, 0.32100000977516174, 0.20999999344348907] 
2023-11-14 10:36:10 - __main__ - INFO: 第1次向x轴运动2cm：成功，当前位姿为[-0.2999590086936951, -0.12007500231266022, 0.40324801206588745, 3.0350000858306885, 0.32100000977516174, 0.20999999344348907] 
2023-11-14 10:36:11 - __main__ - INFO: 第2次向x轴运动2cm：成功，当前位姿为[-0.3029590086936951, -0.12007500231266022, 0.40324801206588745, 3.0350000858306885, 0.32100000977516174, 0.20999999344348907] 
2023-11-14 10:36:12 - __main__ - INFO: 第3次向x轴运动2cm：成功，当前位姿为[-0.3039590086936951, -0.12007500231266022, 0.40324801206588745, 3.0350000858306885, 0.32100000977516174, 0.20999999344348907] 
2023-11-14 10:36:13 - __main__ - INFO: 第4次向x轴运动2cm：成功，当前位姿为[-0.3029590086936951, -0.12007500231266022, 0.40324801206588745, 3.0350000858306885, 0.32100000977516174, 0.20999999344348907] 
2023-11-14 10:36:14 - __main__ - INFO: 第5次向x轴运动2cm：成功，当前位姿为[-0.2999590086936951, -0.12007500231266022, 0.40324801206588745, 3.0350000858306885, 0.32100000977516174, 0.20999999344348907] 
2023-11-14 10:36:48 - robotic_arm - INFO: 开始进行机械臂API初始化完毕
2023-11-14 10:36:48 - robotic_arm - INFO: 连接机械臂成功:1156
2023-11-14 10:36:48 - robotic_arm - INFO: 设置机械臂末端参数为初始值
2023-11-14 10:36:48 - robotic_arm - INFO: change_frame:0
2023-11-14 10:37:02 - __main__ - INFO: 获取状态：成功，当前位姿为[-0.29496800899505615, -0.1200840026140213, 0.40323901176452637, 3.0350000858306885, 0.32100000977516174, 0.20999999344348907] 
2023-11-14 10:37:02 - __main__ - INFO: 第1次向x轴运动2cm：成功，当前位姿为[-0.29996800899505616, -0.1200840026140213, 0.40323901176452637, 3.0350000858306885, 0.32100000977516174, 0.20999999344348907] 
2023-11-14 10:37:03 - __main__ - INFO: 第2次向x轴运动2cm：成功，当前位姿为[-0.30296800899505616, -0.1200840026140213, 0.40323901176452637, 3.0350000858306885, 0.32100000977516174, 0.20999999344348907] 
2023-11-14 10:37:04 - __main__ - INFO: 第3次向x轴运动2cm：成功，当前位姿为[-0.30396800899505616, -0.1200840026140213, 0.40323901176452637, 3.0350000858306885, 0.32100000977516174, 0.20999999344348907] 
2023-11-14 10:37:05 - __main__ - INFO: 第4次向x轴运动2cm：成功，当前位姿为[-0.30296800899505616, -0.1200840026140213, 0.40323901176452637, 3.0350000858306885, 0.32100000977516174, 0.20999999344348907] 
2023-11-14 10:37:06 - __main__ - INFO: 第5次向x轴运动2cm：成功，当前位姿为[-0.29996800899505616, -0.1200840026140213, 0.40323901176452637, 3.0350000858306885, 0.32100000977516174, 0.20999999344348907] 
2023-11-14 10:37:07 - __main__ - INFO: 获取状态：成功，当前位姿为[-0.2746100127696991, -0.14476299285888672, 0.4006330072879791, 3.0160000324249268, 0.2590000033378601, 0.30000001192092896] 
2023-11-14 10:37:07 - __main__ - INFO: 第1次向x轴运动2cm：成功，当前位姿为[-0.2796100127696991, -0.14476299285888672, 0.4006330072879791, 3.0160000324249268, 0.2590000033378601, 0.30000001192092896] 
2023-11-14 10:37:08 - __main__ - INFO: 第2次向x轴运动2cm：成功，当前位姿为[-0.2826100127696991, -0.14476299285888672, 0.4006330072879791, 3.0160000324249268, 0.2590000033378601, 0.30000001192092896] 
2023-11-14 10:37:09 - __main__ - INFO: 第3次向x轴运动2cm：成功，当前位姿为[-0.2836100127696991, -0.14476299285888672, 0.4006330072879791, 3.0160000324249268, 0.2590000033378601, 0.30000001192092896] 
2023-11-14 10:37:10 - __main__ - INFO: 第4次向x轴运动2cm：成功，当前位姿为[-0.2826100127696991, -0.14476299285888672, 0.4006330072879791, 3.0160000324249268, 0.2590000033378601, 0.30000001192092896] 
2023-11-14 10:37:11 - __main__ - INFO: 第5次向x轴运动2cm：成功，当前位姿为[-0.2796100127696991, -0.14476299285888672, 0.4006330072879791, 3.0160000324249268, 0.2590000033378601, 0.30000001192092896] 
2023-11-14 10:39:14 - robotic_arm - INFO: 开始进行机械臂API初始化完毕
2023-11-14 10:39:15 - robotic_arm - INFO: 连接机械臂成功:1164
2023-11-14 10:39:15 - robotic_arm - INFO: 设置机械臂末端参数为初始值
2023-11-14 10:39:15 - robotic_arm - INFO: change_frame:0
2023-11-14 10:39:25 - __main__ - INFO: 获取状态：成功，当前位姿为[-0.2700200080871582, -0.1531440019607544, 0.4005430042743683, 3.0160000324249268, 0.257999986410141, 0.3310000002384186] 
2023-11-14 10:39:26 - robotic_arm - INFO: Movel_Cmd:0
2023-11-14 10:39:26 - __main__ - INFO: 第1次向x轴运动2cm：成功，当前位姿为[-0.2750200080871582, -0.1531440019607544, 0.4005430042743683, 3.0160000324249268, 0.257999986410141, 0.3310000002384186] 
2023-11-14 10:39:28 - robotic_arm - INFO: Movel_Cmd:0
2023-11-14 10:39:28 - __main__ - INFO: 第2次向x轴运动2cm：成功，当前位姿为[-0.2780200080871582, -0.1531440019607544, 0.4005430042743683, 3.0160000324249268, 0.257999986410141, 0.3310000002384186] 
2023-11-14 10:39:30 - robotic_arm - INFO: Movel_Cmd:0
2023-11-14 10:39:30 - __main__ - INFO: 第3次向x轴运动2cm：成功，当前位姿为[-0.2790200080871582, -0.1531440019607544, 0.4005430042743683, 3.0160000324249268, 0.257999986410141, 0.3310000002384186] 
2023-11-14 10:39:32 - robotic_arm - INFO: Movel_Cmd:0
2023-11-14 10:39:32 - __main__ - INFO: 第4次向x轴运动2cm：成功，当前位姿为[-0.2780200080871582, -0.1531440019607544, 0.4005430042743683, 3.0160000324249268, 0.257999986410141, 0.3310000002384186] 
2023-11-14 10:39:35 - robotic_arm - INFO: Movel_Cmd:0
2023-11-14 10:39:35 - __main__ - INFO: 第5次向x轴运动2cm：成功，当前位姿为[-0.2750200080871582, -0.1531440019607544, 0.4005430042743683, 3.0160000324249268, 0.257999986410141, 0.3310000002384186] 
2023-11-14 10:40:51 - robotic_arm - INFO: 开始进行机械臂API初始化完毕
2023-11-14 10:40:51 - robotic_arm - INFO: 连接机械臂成功:1148
2023-11-14 10:40:51 - robotic_arm - INFO: 设置机械臂末端参数为初始值
2023-11-14 10:40:52 - robotic_arm - INFO: change_frame:0
2023-11-14 10:41:37 - __main__ - INFO: 获取状态：成功，当前位姿为[-0.27686598896980286, -0.09194699674844742, 0.3864310085773468, 3.118000030517578, 0.0949999988079071, 0.3580000102519989] 
2023-11-14 10:41:38 - robotic_arm - INFO: Movel_Cmd:0
2023-11-14 10:41:38 - __main__ - INFO: 第1次向x轴运动2cm：成功，当前位姿为[-0.28186598896980286, -0.09194699674844742, 0.3864310085773468, 3.118000030517578, 0.0949999988079071, 0.3580000102519989] 
2023-11-14 10:41:40 - robotic_arm - INFO: Movel_Cmd:0
2023-11-14 10:41:40 - __main__ - INFO: 第2次向x轴运动2cm：成功，当前位姿为[-0.28486598896980286, -0.09194699674844742, 0.3864310085773468, 3.118000030517578, 0.0949999988079071, 0.3580000102519989] 
2023-11-14 10:41:42 - robotic_arm - INFO: Movel_Cmd:0
2023-11-14 10:41:42 - __main__ - INFO: 第3次向x轴运动2cm：成功，当前位姿为[-0.28586598896980286, -0.09194699674844742, 0.3864310085773468, 3.118000030517578, 0.0949999988079071, 0.3580000102519989] 
2023-11-14 10:41:44 - robotic_arm - INFO: Movel_Cmd:0
2023-11-14 10:41:44 - __main__ - INFO: 第4次向x轴运动2cm：成功，当前位姿为[-0.28486598896980286, -0.09194699674844742, 0.3864310085773468, 3.118000030517578, 0.0949999988079071, 0.3580000102519989] 
2023-11-14 10:41:47 - robotic_arm - INFO: Movel_Cmd:0
2023-11-14 10:41:47 - __main__ - INFO: 第5次向x轴运动2cm：成功，当前位姿为[-0.28186598896980286, -0.09194699674844742, 0.3864310085773468, 3.118000030517578, 0.0949999988079071, 0.3580000102519989] 
2023-11-14 10:48:05 - robotic_arm - INFO: 开始进行机械臂API初始化完毕
2023-11-14 10:48:05 - robotic_arm - INFO: 连接机械臂成功:1148
2023-11-14 10:48:05 - robotic_arm - INFO: 设置机械臂末端参数为初始值
2023-11-14 10:48:06 - robotic_arm - INFO: change_frame:0
2023-11-14 10:48:12 - __main__ - INFO: 获取状态：成功，当前位姿为[-0.28186601400375366, -0.09193699806928635, 0.3864319920539856, 3.118000030517578, 0.09399999678134918, 0.3569999933242798] 
2023-11-14 10:48:13 - robotic_arm - INFO: Movel_Cmd:0
2023-11-14 10:48:13 - __main__ - INFO: 第1次向x轴运动2cm：成功，当前位姿为[-0.28686601400375367, -0.09193699806928635, 0.3864319920539856, 3.118000030517578, 0.09399999678134918, 0.3569999933242798] 
2023-11-14 10:48:15 - robotic_arm - INFO: Movel_Cmd:0
2023-11-14 10:48:15 - __main__ - INFO: 第1次向y轴运动2cm：成功，当前位姿为[-0.28686601400375367, -0.09693699806928635, 0.3864319920539856, 3.118000030517578, 0.09399999678134918, 0.3569999933242798] 
2023-11-14 10:48:17 - robotic_arm - INFO: Movel_Cmd:0
2023-11-14 10:48:17 - __main__ - INFO: 第2次向y轴运动2cm：成功，当前位姿为[-0.28686601400375367, -0.09993699806928635, 0.3864319920539856, 3.118000030517578, 0.09399999678134918, 0.3569999933242798] 
2023-11-14 10:48:19 - robotic_arm - INFO: Movel_Cmd:0
2023-11-14 10:48:19 - __main__ - INFO: 第3次向y轴运动2cm：成功，当前位姿为[-0.28686601400375367, -0.10093699806928635, 0.3864319920539856, 3.118000030517578, 0.09399999678134918, 0.3569999933242798] 
2023-11-14 10:48:21 - robotic_arm - INFO: Movel_Cmd:0
2023-11-14 10:48:21 - __main__ - INFO: 第4次向y轴运动2cm：成功，当前位姿为[-0.28686601400375367, -0.09993699806928635, 0.3864319920539856, 3.118000030517578, 0.09399999678134918, 0.3569999933242798] 
2023-11-14 10:48:23 - robotic_arm - INFO: Movel_Cmd:0
2023-11-14 10:48:23 - __main__ - INFO: 第5次向y轴运动2cm：成功，当前位姿为[-0.28686601400375367, -0.09693699806928635, 0.3864319920539856, 3.118000030517578, 0.09399999678134918, 0.3569999933242798] 
2023-11-14 10:48:25 - robotic_arm - INFO: Movel_Cmd:0
2023-11-14 10:48:25 - __main__ - INFO: 第6次向x轴运动2cm：成功，当前位姿为[-0.28986601400375367, -0.09693699806928635, 0.3864319920539856, 3.118000030517578, 0.09399999678134918, 0.3569999933242798] 
2023-11-14 10:48:27 - robotic_arm - INFO: Movel_Cmd:0
2023-11-14 10:48:27 - __main__ - INFO: 第1次向y轴运动2cm：成功，当前位姿为[-0.28986601400375367, -0.10193699806928636, 0.3864319920539856, 3.118000030517578, 0.09399999678134918, 0.3569999933242798] 
2023-11-14 10:48:29 - robotic_arm - INFO: Movel_Cmd:0
2023-11-14 10:48:29 - __main__ - INFO: 第2次向y轴运动2cm：成功，当前位姿为[-0.28986601400375367, -0.10493699806928636, 0.3864319920539856, 3.118000030517578, 0.09399999678134918, 0.3569999933242798] 
2023-11-14 10:48:31 - robotic_arm - INFO: Movel_Cmd:0
2023-11-14 10:48:31 - __main__ - INFO: 第3次向y轴运动2cm：成功，当前位姿为[-0.28986601400375367, -0.10593699806928636, 0.3864319920539856, 3.118000030517578, 0.09399999678134918, 0.3569999933242798] 
2023-11-14 10:48:33 - robotic_arm - INFO: Movel_Cmd:0
2023-11-14 10:48:33 - __main__ - INFO: 第4次向y轴运动2cm：成功，当前位姿为[-0.28986601400375367, -0.10493699806928636, 0.3864319920539856, 3.118000030517578, 0.09399999678134918, 0.3569999933242798] 
2023-11-14 10:48:35 - robotic_arm - INFO: Movel_Cmd:0
2023-11-14 10:48:35 - __main__ - INFO: 第5次向y轴运动2cm：成功，当前位姿为[-0.28986601400375367, -0.10193699806928636, 0.3864319920539856, 3.118000030517578, 0.09399999678134918, 0.3569999933242798] 
2023-11-14 10:48:37 - robotic_arm - INFO: Movel_Cmd:0
2023-11-14 10:48:37 - __main__ - INFO: 第6次向x轴运动2cm：成功，当前位姿为[-0.29086601400375367, -0.10193699806928636, 0.3864319920539856, 3.118000030517578, 0.09399999678134918, 0.3569999933242798] 
2023-11-14 10:48:39 - robotic_arm - INFO: Movel_Cmd:0
2023-11-14 10:48:39 - __main__ - INFO: 第1次向y轴运动2cm：成功，当前位姿为[-0.29086601400375367, -0.10693699806928636, 0.3864319920539856, 3.118000030517578, 0.09399999678134918, 0.3569999933242798] 
2023-11-14 10:48:41 - robotic_arm - INFO: Movel_Cmd:0
2023-11-14 10:48:41 - __main__ - INFO: 第2次向y轴运动2cm：成功，当前位姿为[-0.29086601400375367, -0.10993699806928636, 0.3864319920539856, 3.118000030517578, 0.09399999678134918, 0.3569999933242798] 
2023-11-14 10:48:43 - robotic_arm - INFO: Movel_Cmd:0
2023-11-14 10:48:43 - __main__ - INFO: 第3次向y轴运动2cm：成功，当前位姿为[-0.29086601400375367, -0.11093699806928636, 0.3864319920539856, 3.118000030517578, 0.09399999678134918, 0.3569999933242798] 
2023-11-14 10:48:45 - robotic_arm - INFO: Movel_Cmd:0
2023-11-14 10:48:45 - __main__ - INFO: 第4次向y轴运动2cm：成功，当前位姿为[-0.29086601400375367, -0.10993699806928636, 0.3864319920539856, 3.118000030517578, 0.09399999678134918, 0.3569999933242798] 
2023-11-14 10:48:47 - robotic_arm - INFO: Movel_Cmd:0
2023-11-14 10:48:47 - __main__ - INFO: 第5次向y轴运动2cm：成功，当前位姿为[-0.29086601400375367, -0.10693699806928636, 0.3864319920539856, 3.118000030517578, 0.09399999678134918, 0.3569999933242798] 
2023-11-14 10:48:50 - robotic_arm - INFO: Movel_Cmd:0
2023-11-14 10:48:50 - __main__ - INFO: 第6次向x轴运动2cm：成功，当前位姿为[-0.28986601400375367, -0.10693699806928636, 0.3864319920539856, 3.118000030517578, 0.09399999678134918, 0.3569999933242798] 
2023-11-14 10:50:36 - robotic_arm - INFO: 开始进行机械臂API初始化完毕
2023-11-14 10:50:36 - robotic_arm - INFO: 连接机械臂成功:1148
2023-11-14 10:50:36 - robotic_arm - INFO: 设置机械臂末端参数为初始值
2023-11-14 10:50:36 - robotic_arm - INFO: change_frame:0
2023-11-14 10:51:45 - robotic_arm - INFO: 开始进行机械臂API初始化完毕
2023-11-14 10:51:45 - robotic_arm - INFO: 连接机械臂成功:1184
2023-11-14 10:51:45 - robotic_arm - INFO: 设置机械臂末端参数为初始值
2023-11-14 10:51:45 - robotic_arm - INFO: change_frame:0
2023-11-14 10:51:52 - __main__ - INFO: 获取状态：成功，当前位姿为[-0.31758201122283936, -0.06819099932909012, 0.34707701206207275, 3.11899995803833, 0.10199999809265137, 0.20900000631809235] 
2023-11-14 10:51:53 - robotic_arm - INFO: Movel_Cmd:0
2023-11-14 10:51:53 - __main__ - INFO: 第1次向x轴运动2cm：成功，当前位姿为[-0.32258201122283936, -0.06819099932909012, 0.34707701206207275, 3.11899995803833, 0.10199999809265137, 0.20900000631809235] 
2023-11-14 10:51:56 - robotic_arm - INFO: Movel_Cmd:0
2023-11-14 10:51:56 - __main__ - INFO: 第1次向y轴运动2cm：成功，当前位姿为[-0.32258201122283936, -0.07319099932909012, 0.34707701206207275, 3.11899995803833, 0.10199999809265137, 0.20900000631809235] 
2023-11-14 10:51:58 - robotic_arm - INFO: Movel_Cmd:0
2023-11-14 10:51:58 - __main__ - INFO: 第2次向y轴运动2cm：成功，当前位姿为[-0.32258201122283936, -0.07619099932909013, 0.34707701206207275, 3.11899995803833, 0.10199999809265137, 0.20900000631809235] 
2023-11-14 10:52:00 - robotic_arm - INFO: Movel_Cmd:0
2023-11-14 10:52:00 - __main__ - INFO: 第3次向y轴运动2cm：成功，当前位姿为[-0.32258201122283936, -0.07719099932909013, 0.34707701206207275, 3.11899995803833, 0.10199999809265137, 0.20900000631809235] 
2023-11-14 10:52:02 - robotic_arm - INFO: Movel_Cmd:0
2023-11-14 10:52:02 - __main__ - INFO: 第4次向y轴运动2cm：成功，当前位姿为[-0.32258201122283936, -0.07619099932909013, 0.34707701206207275, 3.11899995803833, 0.10199999809265137, 0.20900000631809235] 
2023-11-14 10:52:04 - robotic_arm - INFO: Movel_Cmd:0
2023-11-14 10:52:04 - __main__ - INFO: 第5次向y轴运动2cm：成功，当前位姿为[-0.32258201122283936, -0.07319099932909012, 0.34707701206207275, 3.11899995803833, 0.10199999809265137, 0.20900000631809235] 
2023-11-14 10:52:06 - robotic_arm - INFO: Movel_Cmd:0
2023-11-14 10:52:06 - __main__ - INFO: 第6次向x轴运动2cm：成功，当前位姿为[-0.32558201122283936, -0.07319099932909012, 0.34707701206207275, 3.11899995803833, 0.10199999809265137, 0.20900000631809235] 
2023-11-14 10:52:08 - robotic_arm - INFO: Movel_Cmd:0
2023-11-14 10:52:08 - __main__ - INFO: 第1次向y轴运动2cm：成功，当前位姿为[-0.32558201122283936, -0.07819099932909013, 0.34707701206207275, 3.11899995803833, 0.10199999809265137, 0.20900000631809235] 
2023-11-14 10:52:10 - robotic_arm - INFO: Movel_Cmd:0
2023-11-14 10:52:10 - __main__ - INFO: 第2次向y轴运动2cm：成功，当前位姿为[-0.32558201122283936, -0.08119099932909013, 0.34707701206207275, 3.11899995803833, 0.10199999809265137, 0.20900000631809235] 
2023-11-14 10:52:12 - robotic_arm - INFO: Movel_Cmd:0
2023-11-14 10:52:12 - __main__ - INFO: 第3次向y轴运动2cm：成功，当前位姿为[-0.32558201122283936, -0.08219099932909013, 0.34707701206207275, 3.11899995803833, 0.10199999809265137, 0.20900000631809235] 
2023-11-14 10:52:14 - robotic_arm - INFO: Movel_Cmd:0
2023-11-14 10:52:14 - __main__ - INFO: 第4次向y轴运动2cm：成功，当前位姿为[-0.32558201122283936, -0.08119099932909013, 0.34707701206207275, 3.11899995803833, 0.10199999809265137, 0.20900000631809235] 
2023-11-14 10:52:16 - robotic_arm - INFO: Movel_Cmd:0
2023-11-14 10:52:16 - __main__ - INFO: 第5次向y轴运动2cm：成功，当前位姿为[-0.32558201122283936, -0.07819099932909013, 0.34707701206207275, 3.11899995803833, 0.10199999809265137, 0.20900000631809235] 
2023-11-14 10:52:18 - robotic_arm - INFO: Movel_Cmd:0
2023-11-14 10:52:18 - __main__ - INFO: 第6次向x轴运动2cm：成功，当前位姿为[-0.32658201122283936, -0.07819099932909013, 0.34707701206207275, 3.11899995803833, 0.10199999809265137, 0.20900000631809235] 
2023-11-14 10:52:20 - robotic_arm - INFO: Movel_Cmd:0
2023-11-14 10:52:20 - __main__ - INFO: 第1次向y轴运动2cm：成功，当前位姿为[-0.32658201122283936, -0.08319099932909013, 0.34707701206207275, 3.11899995803833, 0.10199999809265137, 0.20900000631809235] 
2023-11-14 10:52:22 - robotic_arm - INFO: Movel_Cmd:0
2023-11-14 10:52:22 - __main__ - INFO: 第2次向y轴运动2cm：成功，当前位姿为[-0.32658201122283936, -0.08619099932909013, 0.34707701206207275, 3.11899995803833, 0.10199999809265137, 0.20900000631809235] 
2023-11-14 10:52:24 - robotic_arm - INFO: Movel_Cmd:0
2023-11-14 10:52:24 - __main__ - INFO: 第3次向y轴运动2cm：成功，当前位姿为[-0.32658201122283936, -0.08719099932909014, 0.34707701206207275, 3.11899995803833, 0.10199999809265137, 0.20900000631809235] 
2023-11-14 10:52:26 - robotic_arm - INFO: Movel_Cmd:0
2023-11-14 10:52:26 - __main__ - INFO: 第4次向y轴运动2cm：成功，当前位姿为[-0.32658201122283936, -0.08619099932909013, 0.34707701206207275, 3.11899995803833, 0.10199999809265137, 0.20900000631809235] 
2023-11-14 10:54:38 - robotic_arm - INFO: 开始进行机械臂API初始化完毕
2023-11-14 10:54:39 - robotic_arm - INFO: 连接机械臂成功:1728
2023-11-14 10:54:39 - robotic_arm - INFO: 设置机械臂末端参数为初始值
2023-11-14 10:54:39 - robotic_arm - INFO: change_frame:0
2023-11-14 10:54:49 - __main__ - INFO: 获取状态：成功，当前位姿为[-0.3265739977359772, -0.08618900179862976, 0.34709298610687256, 3.11899995803833, 0.10199999809265137, 0.20800000429153442] 
2023-11-14 10:55:05 - robotic_arm - INFO: Movel_Cmd:0
2023-11-14 10:55:09 - __main__ - INFO: 第1次向x轴运动2cm：成功，当前位姿为[-0.3315739977359772, -0.08618900179862976, 0.34709298610687256, 3.11899995803833, 0.10199999809265137, 0.20800000429153442] 
2023-11-14 10:56:04 - robotic_arm - INFO: 开始进行机械臂API初始化完毕
2023-11-14 10:56:04 - robotic_arm - INFO: 连接机械臂成功:1192
2023-11-14 10:56:04 - robotic_arm - INFO: 设置机械臂末端参数为初始值
2023-11-14 10:56:05 - robotic_arm - INFO: change_frame:0
2023-11-14 10:56:27 - __main__ - INFO: 获取状态：成功，当前位姿为[-0.3666459918022156, -0.07827500253915787, 0.3378399908542633, 3.1089999675750732, 0.3199999928474426, 0.15700000524520874] 
2023-11-14 10:56:28 - robotic_arm - INFO: Movel_Cmd:0
2023-11-14 10:56:28 - __main__ - INFO: 第1次向x轴运动2cm：成功，当前位姿为[-0.3716459918022156, -0.07827500253915787, 0.3378399908542633, 3.1089999675750732, 0.3199999928474426, 0.15700000524520874] 
2023-11-14 10:56:30 - robotic_arm - INFO: Movel_Cmd:0
2023-11-14 10:56:30 - __main__ - INFO: 第2次向x轴运动2cm：成功，当前位姿为[-0.3746459918022156, -0.07827500253915787, 0.3378399908542633, 3.1089999675750732, 0.3199999928474426, 0.15700000524520874] 
2023-11-14 10:56:33 - robotic_arm - INFO: Movel_Cmd:0
2023-11-14 10:56:33 - __main__ - INFO: 第3次向x轴运动2cm：成功，当前位姿为[-0.3756459918022156, -0.07827500253915787, 0.3378399908542633, 3.1089999675750732, 0.3199999928474426, 0.15700000524520874] 
2023-11-14 10:56:35 - robotic_arm - INFO: Movel_Cmd:0
2023-11-14 10:56:35 - __main__ - INFO: 第4次向x轴运动2cm：成功，当前位姿为[-0.3746459918022156, -0.07827500253915787, 0.3378399908542633, 3.1089999675750732, 0.3199999928474426, 0.15700000524520874] 
2023-11-14 10:56:37 - robotic_arm - INFO: Movel_Cmd:0
2023-11-14 10:56:37 - __main__ - INFO: 第5次向x轴运动2cm：成功，当前位姿为[-0.3716459918022156, -0.07827500253915787, 0.3378399908542633, 3.1089999675750732, 0.3199999928474426, 0.15700000524520874] 
2023-11-14 10:56:39 - robotic_arm - INFO: Movel_Cmd:0
2023-11-14 10:56:39 - __main__ - INFO: 第1次向y轴运动2cm：成功，当前位姿为[-0.3716459918022156, -0.08327500253915787, 0.3378399908542633, 3.1089999675750732, 0.3199999928474426, 0.15700000524520874] 
2023-11-14 10:56:41 - robotic_arm - INFO: Movel_Cmd:0
2023-11-14 10:56:41 - __main__ - INFO: 第2次向y轴运动2cm：成功，当前位姿为[-0.3716459918022156, -0.08627500253915787, 0.3378399908542633, 3.1089999675750732, 0.3199999928474426, 0.15700000524520874] 
2023-11-14 10:56:43 - robotic_arm - INFO: Movel_Cmd:0
2023-11-14 10:56:43 - __main__ - INFO: 第3次向y轴运动2cm：成功，当前位姿为[-0.3716459918022156, -0.08727500253915788, 0.3378399908542633, 3.1089999675750732, 0.3199999928474426, 0.15700000524520874] 
2023-11-14 10:56:45 - robotic_arm - INFO: Movel_Cmd:0
2023-11-14 10:56:45 - __main__ - INFO: 第4次向y轴运动2cm：成功，当前位姿为[-0.3716459918022156, -0.08627500253915787, 0.3378399908542633, 3.1089999675750732, 0.3199999928474426, 0.15700000524520874] 
2023-11-14 10:56:47 - robotic_arm - INFO: Movel_Cmd:0
2023-11-14 10:56:47 - __main__ - INFO: 第5次向y轴运动2cm：成功，当前位姿为[-0.3716459918022156, -0.08327500253915787, 0.3378399908542633, 3.1089999675750732, 0.3199999928474426, 0.15700000524520874] 
2023-11-14 10:58:09 - robotic_arm - INFO: 开始进行机械臂API初始化完毕
2023-11-14 10:58:09 - robotic_arm - INFO: 连接机械臂成功:1156
2023-11-14 10:58:09 - robotic_arm - INFO: 设置机械臂末端参数为初始值
2023-11-14 10:58:10 - robotic_arm - INFO: change_frame:0
2023-11-14 10:58:15 - __main__ - INFO: 获取状态：成功，当前位姿为[-0.37164899706840515, -0.0832810029387474, 0.3378550112247467, 3.1089999675750732, 0.3199999928474426, 0.15700000524520874] 
2023-11-14 10:58:16 - robotic_arm - INFO: Movel_Cmd:0
2023-11-14 10:58:16 - __main__ - INFO: 第1次向x轴运动2cm：成功，当前位姿为[-0.37664899706840516, -0.0832810029387474, 0.3378550112247467, 3.1089999675750732, 0.3199999928474426, 0.15700000524520874] 
2023-11-14 10:58:18 - robotic_arm - INFO: Movel_Cmd:0
2023-11-14 10:58:18 - __main__ - INFO: 第2次向x轴运动2cm：成功，当前位姿为[-0.37964899706840516, -0.0832810029387474, 0.3378550112247467, 3.1089999675750732, 0.3199999928474426, 0.15700000524520874] 
2023-11-14 10:58:20 - robotic_arm - INFO: Movel_Cmd:0
2023-11-14 10:58:20 - __main__ - INFO: 第3次向x轴运动2cm：成功，当前位姿为[-0.38064899706840516, -0.0832810029387474, 0.3378550112247467, 3.1089999675750732, 0.3199999928474426, 0.15700000524520874] 
2023-11-14 10:58:22 - robotic_arm - INFO: Movel_Cmd:0
2023-11-14 10:58:22 - __main__ - INFO: 第4次向x轴运动2cm：成功，当前位姿为[-0.37964899706840516, -0.0832810029387474, 0.3378550112247467, 3.1089999675750732, 0.3199999928474426, 0.15700000524520874] 
2023-11-14 10:58:24 - robotic_arm - INFO: Movel_Cmd:0
2023-11-14 10:58:24 - __main__ - INFO: 第5次向x轴运动2cm：成功，当前位姿为[-0.37664899706840516, -0.0832810029387474, 0.3378550112247467, 3.1089999675750732, 0.3199999928474426, 0.15700000524520874] 
2023-11-14 10:58:26 - robotic_arm - INFO: Movel_Cmd:0
2023-11-14 10:58:26 - __main__ - INFO: 第1次向y轴运动2cm：成功，当前位姿为[-0.37664899706840516, -0.08828100293874741, 0.3378550112247467, 3.1089999675750732, 0.3199999928474426, 0.15700000524520874] 
2023-11-14 10:58:28 - robotic_arm - INFO: Movel_Cmd:0
2023-11-14 10:58:28 - __main__ - INFO: 第2次向y轴运动2cm：成功，当前位姿为[-0.37664899706840516, -0.09128100293874741, 0.3378550112247467, 3.1089999675750732, 0.3199999928474426, 0.15700000524520874] 
2023-11-14 10:58:30 - robotic_arm - INFO: Movel_Cmd:0
2023-11-14 10:58:30 - __main__ - INFO: 第3次向y轴运动2cm：成功，当前位姿为[-0.37664899706840516, -0.09228100293874741, 0.3378550112247467, 3.1089999675750732, 0.3199999928474426, 0.15700000524520874] 
2023-11-14 10:58:32 - robotic_arm - INFO: Movel_Cmd:0
2023-11-14 10:58:32 - __main__ - INFO: 第4次向y轴运动2cm：成功，当前位姿为[-0.37664899706840516, -0.09128100293874741, 0.3378550112247467, 3.1089999675750732, 0.3199999928474426, 0.15700000524520874] 
2023-11-14 10:58:34 - robotic_arm - INFO: Movel_Cmd:0
2023-11-14 10:58:34 - __main__ - INFO: 第5次向y轴运动2cm：成功，当前位姿为[-0.37664899706840516, -0.08828100293874741, 0.3378550112247467, 3.1089999675750732, 0.3199999928474426, 0.15700000524520874] 
2023-11-14 10:58:36 - robotic_arm - INFO: Movel_Cmd:0
2023-11-14 10:58:36 - __main__ - INFO: 第1次向z轴运动2cm：成功，当前位姿为[-0.37664899706840516, -0.08828100293874741, 0.3328550112247467, 3.1089999675750732, 0.3199999928474426, 0.15700000524520874] 
2023-11-14 10:58:38 - robotic_arm - INFO: Movel_Cmd:0
2023-11-14 10:58:38 - __main__ - INFO: 第2次向z轴运动2cm：成功，当前位姿为[-0.37664899706840516, -0.08828100293874741, 0.3298550112247467, 3.1089999675750732, 0.3199999928474426, 0.15700000524520874] 
2023-11-14 10:58:41 - robotic_arm - INFO: Movel_Cmd:0
2023-11-14 10:58:41 - __main__ - INFO: 第3次向z轴运动2cm：成功，当前位姿为[-0.37664899706840516, -0.08828100293874741, 0.3288550112247467, 3.1089999675750732, 0.3199999928474426, 0.15700000524520874] 
2023-11-14 10:58:43 - robotic_arm - INFO: Movel_Cmd:0
2023-11-14 10:58:43 - __main__ - INFO: 第4次向z轴运动2cm：成功，当前位姿为[-0.37664899706840516, -0.08828100293874741, 0.3298550112247467, 3.1089999675750732, 0.3199999928474426, 0.15700000524520874] 
2023-11-14 10:58:45 - robotic_arm - INFO: Movel_Cmd:0
2023-11-14 10:58:45 - __main__ - INFO: 第5次向z轴运动2cm：成功，当前位姿为[-0.37664899706840516, -0.08828100293874741, 0.3328550112247467, 3.1089999675750732, 0.3199999928474426, 0.15700000524520874] 
2023-11-14 11:03:17 - robotic_arm - INFO: 开始进行机械臂API初始化完毕
2023-11-14 11:03:17 - robotic_arm - INFO: 连接机械臂成功:1156
2023-11-14 11:03:17 - robotic_arm - INFO: 设置机械臂末端参数为初始值
2023-11-14 11:03:18 - robotic_arm - INFO: change_frame:0
2023-11-14 11:03:23 - __main__ - INFO: 获取状态：成功，当前位姿为[-0.3811750113964081, -0.06589200347661972, 0.33285701274871826, 3.114000082015991, 0.3199999928474426, 0.10100000351667404] 
2023-11-14 11:03:24 - robotic_arm - INFO: Movel_Cmd:0
2023-11-14 11:03:24 - __main__ - INFO: 第1次向x轴运动2cm：成功，当前位姿为[-0.3861750113964081, -0.06589200347661972, 0.33285701274871826, 3.114000082015991, 0.3199999928474426, 0.10100000351667404] 
2023-11-14 11:03:27 - robotic_arm - INFO: Movel_Cmd:0
2023-11-14 11:03:27 - __main__ - INFO: 第2次向x轴运动2cm：成功，当前位姿为[-0.3891750113964081, -0.06589200347661972, 0.33285701274871826, 3.114000082015991, 0.3199999928474426, 0.10100000351667404] 
2023-11-14 11:03:29 - robotic_arm - INFO: Movel_Cmd:0
2023-11-14 11:03:29 - __main__ - INFO: 第3次向x轴运动2cm：成功，当前位姿为[-0.3901750113964081, -0.06589200347661972, 0.33285701274871826, 3.114000082015991, 0.3199999928474426, 0.10100000351667404] 
2023-11-14 11:03:31 - robotic_arm - INFO: Movel_Cmd:0
2023-11-14 11:03:31 - __main__ - INFO: 第4次向x轴运动2cm：成功，当前位姿为[-0.3891750113964081, -0.06589200347661972, 0.33285701274871826, 3.114000082015991, 0.3199999928474426, 0.10100000351667404] 
2023-11-14 11:03:33 - robotic_arm - INFO: Movel_Cmd:0
2023-11-14 11:03:33 - __main__ - INFO: 第5次向x轴运动2cm：成功，当前位姿为[-0.3861750113964081, -0.06589200347661972, 0.33285701274871826, 3.114000082015991, 0.3199999928474426, 0.10100000351667404] 
2023-11-14 11:03:35 - robotic_arm - INFO: Movel_Cmd:0
2023-11-14 11:03:35 - __main__ - INFO: 第1次向y轴运动2cm：成功，当前位姿为[-0.3861750113964081, -0.07089200347661972, 0.33285701274871826, 3.114000082015991, 0.3199999928474426, 0.10100000351667404] 
2023-11-14 11:03:37 - robotic_arm - INFO: Movel_Cmd:0
2023-11-14 11:03:37 - __main__ - INFO: 第2次向y轴运动2cm：成功，当前位姿为[-0.3861750113964081, -0.07389200347661973, 0.33285701274871826, 3.114000082015991, 0.3199999928474426, 0.10100000351667404] 
2023-11-14 11:03:39 - robotic_arm - INFO: Movel_Cmd:0
2023-11-14 11:03:39 - __main__ - INFO: 第3次向y轴运动2cm：成功，当前位姿为[-0.3861750113964081, -0.07489200347661973, 0.33285701274871826, 3.114000082015991, 0.3199999928474426, 0.10100000351667404] 
2023-11-14 11:03:41 - robotic_arm - INFO: Movel_Cmd:0
2023-11-14 11:03:41 - __main__ - INFO: 第4次向y轴运动2cm：成功，当前位姿为[-0.3861750113964081, -0.07389200347661973, 0.33285701274871826, 3.114000082015991, 0.3199999928474426, 0.10100000351667404] 
2023-11-14 11:03:43 - robotic_arm - INFO: Movel_Cmd:0
2023-11-14 11:03:43 - __main__ - INFO: 第5次向y轴运动2cm：成功，当前位姿为[-0.3861750113964081, -0.07089200347661972, 0.33285701274871826, 3.114000082015991, 0.3199999928474426, 0.10100000351667404] 
2023-11-14 11:03:45 - robotic_arm - INFO: Movel_Cmd:0
2023-11-14 11:03:45 - __main__ - INFO: 第1次向z轴运动2cm：成功，当前位姿为[-0.3861750113964081, -0.07089200347661972, 0.32785701274871826, 3.114000082015991, 0.3199999928474426, 0.10100000351667404] 
2023-11-14 11:03:47 - robotic_arm - INFO: Movel_Cmd:0
2023-11-14 11:03:47 - __main__ - INFO: 第2次向z轴运动2cm：成功，当前位姿为[-0.3861750113964081, -0.07089200347661972, 0.32485701274871825, 3.114000082015991, 0.3199999928474426, 0.10100000351667404] 
2023-11-14 11:03:49 - robotic_arm - INFO: Movel_Cmd:0
2023-11-14 11:03:49 - __main__ - INFO: 第3次向z轴运动2cm：成功，当前位姿为[-0.3861750113964081, -0.07089200347661972, 0.32385701274871825, 3.114000082015991, 0.3199999928474426, 0.10100000351667404] 
2023-11-14 11:03:51 - robotic_arm - INFO: Movel_Cmd:0
2023-11-14 11:03:51 - __main__ - INFO: 第4次向z轴运动2cm：成功，当前位姿为[-0.3861750113964081, -0.07089200347661972, 0.32485701274871825, 3.114000082015991, 0.3199999928474426, 0.10100000351667404] 
2023-11-14 11:03:53 - robotic_arm - INFO: Movel_Cmd:0
2023-11-14 11:03:53 - __main__ - INFO: 第5次向z轴运动2cm：成功，当前位姿为[-0.3861750113964081, -0.07089200347661972, 0.32785701274871826, 3.114000082015991, 0.3199999928474426, 0.10100000351667404] 
2023-11-14 11:03:55 - robotic_arm - INFO: Movel_Cmd:0
2023-11-14 11:03:55 - __main__ - INFO: 第1次绕x轴旋转0.002rad：成功，当前位姿为[-0.3861750113964081, -0.07089200347661972, 0.32785701274871826, 3.1090000820159913, 0.3199999928474426, 0.10100000351667404] 
2023-11-14 11:03:57 - robotic_arm - INFO: Movel_Cmd:0
2023-11-14 11:03:57 - __main__ - INFO: 第2次绕x轴旋转0.002rad：成功，当前位姿为[-0.3861750113964081, -0.07089200347661972, 0.32785701274871826, 3.106000082015991, 0.3199999928474426, 0.10100000351667404] 
2023-11-14 11:03:59 - robotic_arm - INFO: Movel_Cmd:0
2023-11-14 11:03:59 - __main__ - INFO: 第3次绕x轴旋转0.002rad：成功，当前位姿为[-0.3861750113964081, -0.07089200347661972, 0.32785701274871826, 3.1050000820159913, 0.3199999928474426, 0.10100000351667404] 
2023-11-14 11:04:01 - robotic_arm - INFO: Movel_Cmd:0
2023-11-14 11:04:01 - __main__ - INFO: 第4次绕x轴旋转0.002rad：成功，当前位姿为[-0.3861750113964081, -0.07089200347661972, 0.32785701274871826, 3.106000082015991, 0.3199999928474426, 0.10100000351667404] 
2023-11-14 11:04:03 - robotic_arm - INFO: Movel_Cmd:0
2023-11-14 11:04:03 - __main__ - INFO: 第5次绕x轴旋转0.002rad：成功，当前位姿为[-0.3861750113964081, -0.07089200347661972, 0.32785701274871826, 3.1090000820159913, 0.3199999928474426, 0.10100000351667404] 
2023-11-14 11:04:04 - __main__ - INFO: 获取状态：成功，当前位姿为[-0.38617101311683655, -0.07087499648332596, 0.327877014875412, 3.1089999675750732, 0.3199999928474426, 0.10000000149011612] 
2023-11-14 11:04:05 - robotic_arm - INFO: Movel_Cmd:0
2023-11-14 11:04:05 - __main__ - INFO: 第1次向x轴运动2cm：成功，当前位姿为[-0.39117101311683655, -0.07087499648332596, 0.327877014875412, 3.1089999675750732, 0.3199999928474426, 0.10000000149011612] 
2023-11-14 11:04:07 - robotic_arm - INFO: Movel_Cmd:0
2023-11-14 11:04:07 - __main__ - INFO: 第2次向x轴运动2cm：成功，当前位姿为[-0.39417101311683655, -0.07087499648332596, 0.327877014875412, 3.1089999675750732, 0.3199999928474426, 0.10000000149011612] 
